<?xml version="1.0" encoding="UTF-8"?>
<coverage generated="1758204571662" clover="3.2.0">
  <project timestamp="1758204571662" name="All files">
    <metrics statements="4163" coveredstatements="3586" conditionals="280" coveredconditionals="201" methods="193" coveredmethods="84" elements="4636" coveredelements="3871" complexity="0" loc="4163" ncloc="4163" packages="15" files="28" classes="28"/>
    <package name="app.createAccount">
      <metrics statements="289" coveredstatements="276" conditionals="18" coveredconditionals="11" methods="11" coveredmethods="4"/>
      <file name="page.tsx" path="C:\Users\User\Downloads\VybStream3\VybStreamz\app\createAccount\page.tsx">
        <metrics statements="289" coveredstatements="276" conditionals="18" coveredconditionals="11" methods="11" coveredmethods="4"/>
        <line num="1" count="1" type="stmt"/>
        <line num="2" count="1" type="stmt"/>
        <line num="3" count="1" type="stmt"/>
        <line num="4" count="1" type="stmt"/>
        <line num="5" count="1" type="stmt"/>
        <line num="6" count="1" type="stmt"/>
        <line num="7" count="1" type="stmt"/>
        <line num="8" count="1" type="stmt"/>
        <line num="9" count="1" type="stmt"/>
        <line num="10" count="1" type="stmt"/>
        <line num="11" count="1" type="stmt"/>
        <line num="12" count="1" type="stmt"/>
        <line num="13" count="1" type="cond" truecount="1" falsecount="0"/>
        <line num="14" count="17" type="stmt"/>
        <line num="15" count="17" type="stmt"/>
        <line num="16" count="17" type="stmt"/>
        <line num="17" count="17" type="stmt"/>
        <line num="18" count="17" type="stmt"/>
        <line num="19" count="17" type="stmt"/>
        <line num="20" count="17" type="stmt"/>
        <line num="21" count="17" type="stmt"/>
        <line num="22" count="17" type="stmt"/>
        <line num="23" count="17" type="stmt"/>
        <line num="24" count="17" type="stmt"/>
        <line num="25" count="17" type="stmt"/>
        <line num="26" count="17" type="stmt"/>
        <line num="27" count="17" type="stmt"/>
        <line num="28" count="17" type="stmt"/>
        <line num="29" count="17" type="cond" truecount="0" falsecount="3"/>
        <line num="30" count="17" type="stmt"/>
        <line num="31" count="17" type="stmt"/>
        <line num="32" count="0" type="stmt"/>
        <line num="33" count="0" type="stmt"/>
        <line num="34" count="0" type="stmt"/>
        <line num="35" count="0" type="stmt"/>
        <line num="36" count="0" type="stmt"/>
        <line num="37" count="17" type="stmt"/>
        <line num="38" count="17" type="cond" truecount="1" falsecount="0"/>
        <line num="39" count="7" type="stmt"/>
        <line num="40" count="17" type="stmt"/>
        <line num="41" count="17" type="stmt"/>
        <line num="42" count="17" type="stmt"/>
        <line num="43" count="17" type="cond" truecount="1" falsecount="0"/>
        <line num="44" count="7" type="stmt"/>
        <line num="45" count="7" type="cond" truecount="1" falsecount="0"/>
        <line num="46" count="10" type="stmt"/>
        <line num="47" count="10" type="stmt"/>
        <line num="48" count="0" type="stmt"/>
        <line num="49" count="0" type="stmt"/>
        <line num="50" count="0" type="stmt"/>
        <line num="51" count="10" type="stmt"/>
        <line num="52" count="10" type="cond" truecount="1" falsecount="0"/>
        <line num="53" count="2" type="stmt"/>
        <line num="54" count="2" type="stmt"/>
        <line num="55" count="10" type="stmt"/>
        <line num="56" count="10" type="stmt"/>
        <line num="57" count="0" type="stmt"/>
        <line num="58" count="0" type="stmt"/>
        <line num="59" count="0" type="stmt"/>
        <line num="60" count="10" type="stmt"/>
        <line num="61" count="10" type="cond" truecount="1" falsecount="0"/>
        <line num="62" count="1" type="stmt"/>
        <line num="63" count="1" type="stmt"/>
        <line num="64" count="10" type="stmt"/>
        <line num="65" count="10" type="cond" truecount="1" falsecount="0"/>
        <line num="66" count="1" type="stmt"/>
        <line num="67" count="1" type="stmt"/>
        <line num="68" count="10" type="stmt"/>
        <line num="69" count="10" type="stmt"/>
        <line num="70" count="0" type="stmt"/>
        <line num="71" count="0" type="stmt"/>
        <line num="72" count="10" type="stmt"/>
        <line num="73" count="10" type="stmt"/>
        <line num="74" count="10" type="stmt"/>
        <line num="75" count="10" type="stmt"/>
        <line num="76" count="10" type="stmt"/>
        <line num="77" count="10" type="stmt"/>
        <line num="78" count="10" type="stmt"/>
        <line num="79" count="10" type="stmt"/>
        <line num="80" count="10" type="stmt"/>
        <line num="81" count="10" type="stmt"/>
        <line num="82" count="10" type="stmt"/>
        <line num="83" count="10" type="stmt"/>
        <line num="84" count="10" type="stmt"/>
        <line num="85" count="10" type="stmt"/>
        <line num="86" count="10" type="stmt"/>
        <line num="87" count="10" type="stmt"/>
        <line num="88" count="10" type="stmt"/>
        <line num="89" count="10" type="stmt"/>
        <line num="90" count="10" type="stmt"/>
        <line num="91" count="10" type="stmt"/>
        <line num="92" count="10" type="stmt"/>
        <line num="93" count="10" type="stmt"/>
        <line num="94" count="10" type="stmt"/>
        <line num="95" count="10" type="stmt"/>
        <line num="96" count="10" type="stmt"/>
        <line num="97" count="10" type="stmt"/>
        <line num="98" count="10" type="stmt"/>
        <line num="99" count="10" type="stmt"/>
        <line num="100" count="10" type="stmt"/>
        <line num="101" count="10" type="stmt"/>
        <line num="102" count="10" type="stmt"/>
        <line num="103" count="10" type="stmt"/>
        <line num="104" count="10" type="stmt"/>
        <line num="105" count="10" type="stmt"/>
        <line num="106" count="10" type="stmt"/>
        <line num="107" count="10" type="stmt"/>
        <line num="108" count="10" type="stmt"/>
        <line num="109" count="10" type="stmt"/>
        <line num="110" count="10" type="stmt"/>
        <line num="111" count="10" type="stmt"/>
        <line num="112" count="10" type="stmt"/>
        <line num="113" count="10" type="stmt"/>
        <line num="114" count="10" type="stmt"/>
        <line num="115" count="10" type="stmt"/>
        <line num="116" count="10" type="stmt"/>
        <line num="117" count="10" type="stmt"/>
        <line num="118" count="10" type="stmt"/>
        <line num="119" count="10" type="stmt"/>
        <line num="120" count="10" type="stmt"/>
        <line num="121" count="10" type="stmt"/>
        <line num="122" count="10" type="stmt"/>
        <line num="123" count="10" type="stmt"/>
        <line num="124" count="10" type="stmt"/>
        <line num="125" count="10" type="stmt"/>
        <line num="126" count="10" type="stmt"/>
        <line num="127" count="10" type="stmt"/>
        <line num="128" count="10" type="stmt"/>
        <line num="129" count="10" type="stmt"/>
        <line num="130" count="10" type="stmt"/>
        <line num="131" count="10" type="stmt"/>
        <line num="132" count="10" type="stmt"/>
        <line num="133" count="10" type="stmt"/>
        <line num="134" count="10" type="stmt"/>
        <line num="135" count="10" type="stmt"/>
        <line num="136" count="10" type="stmt"/>
        <line num="137" count="10" type="stmt"/>
        <line num="138" count="10" type="stmt"/>
        <line num="139" count="10" type="stmt"/>
        <line num="140" count="10" type="stmt"/>
        <line num="141" count="10" type="stmt"/>
        <line num="142" count="10" type="stmt"/>
        <line num="143" count="10" type="stmt"/>
        <line num="144" count="10" type="stmt"/>
        <line num="145" count="10" type="stmt"/>
        <line num="146" count="10" type="stmt"/>
        <line num="147" count="10" type="stmt"/>
        <line num="148" count="10" type="stmt"/>
        <line num="149" count="10" type="stmt"/>
        <line num="150" count="10" type="stmt"/>
        <line num="151" count="10" type="stmt"/>
        <line num="152" count="10" type="stmt"/>
        <line num="153" count="10" type="stmt"/>
        <line num="154" count="10" type="stmt"/>
        <line num="155" count="10" type="stmt"/>
        <line num="156" count="10" type="stmt"/>
        <line num="157" count="10" type="stmt"/>
        <line num="158" count="17" type="cond" truecount="1" falsecount="1"/>
        <line num="159" count="17" type="stmt"/>
        <line num="160" count="17" type="stmt"/>
        <line num="161" count="17" type="stmt"/>
        <line num="162" count="17" type="stmt"/>
        <line num="163" count="17" type="stmt"/>
        <line num="164" count="17" type="stmt"/>
        <line num="165" count="17" type="stmt"/>
        <line num="166" count="17" type="stmt"/>
        <line num="167" count="17" type="cond" truecount="1" falsecount="1"/>
        <line num="168" count="17" type="stmt"/>
        <line num="169" count="17" type="stmt"/>
        <line num="170" count="17" type="stmt"/>
        <line num="171" count="17" type="stmt"/>
        <line num="172" count="17" type="stmt"/>
        <line num="173" count="17" type="stmt"/>
        <line num="174" count="17" type="stmt"/>
        <line num="175" count="17" type="stmt"/>
        <line num="176" count="17" type="cond" truecount="1" falsecount="1"/>
        <line num="177" count="17" type="stmt"/>
        <line num="178" count="17" type="stmt"/>
        <line num="179" count="17" type="stmt"/>
        <line num="180" count="17" type="stmt"/>
        <line num="181" count="17" type="stmt"/>
        <line num="182" count="17" type="stmt"/>
        <line num="183" count="17" type="stmt"/>
        <line num="184" count="17" type="stmt"/>
        <line num="185" count="17" type="cond" truecount="1" falsecount="1"/>
        <line num="186" count="17" type="stmt"/>
        <line num="187" count="17" type="stmt"/>
        <line num="188" count="17" type="stmt"/>
        <line num="189" count="17" type="stmt"/>
        <line num="190" count="17" type="stmt"/>
        <line num="191" count="17" type="stmt"/>
        <line num="192" count="17" type="stmt"/>
        <line num="193" count="17" type="stmt"/>
        <line num="194" count="17" type="stmt"/>
        <line num="195" count="17" type="stmt"/>
        <line num="196" count="17" type="stmt"/>
        <line num="197" count="17" type="stmt"/>
        <line num="198" count="17" type="stmt"/>
        <line num="199" count="17" type="stmt"/>
        <line num="200" count="17" type="stmt"/>
        <line num="201" count="17" type="stmt"/>
        <line num="202" count="17" type="stmt"/>
        <line num="203" count="17" type="stmt"/>
        <line num="204" count="17" type="stmt"/>
        <line num="205" count="17" type="stmt"/>
        <line num="206" count="17" type="stmt"/>
        <line num="207" count="17" type="stmt"/>
        <line num="208" count="17" type="stmt"/>
        <line num="209" count="17" type="stmt"/>
        <line num="210" count="17" type="stmt"/>
        <line num="211" count="17" type="stmt"/>
        <line num="212" count="17" type="stmt"/>
        <line num="213" count="17" type="stmt"/>
        <line num="214" count="17" type="stmt"/>
        <line num="215" count="17" type="stmt"/>
        <line num="216" count="17" type="stmt"/>
        <line num="217" count="17" type="stmt"/>
        <line num="218" count="17" type="stmt"/>
        <line num="219" count="17" type="stmt"/>
        <line num="220" count="17" type="stmt"/>
        <line num="221" count="17" type="stmt"/>
        <line num="222" count="17" type="stmt"/>
        <line num="223" count="17" type="stmt"/>
        <line num="224" count="17" type="stmt"/>
        <line num="225" count="17" type="stmt"/>
        <line num="226" count="17" type="stmt"/>
        <line num="227" count="17" type="stmt"/>
        <line num="228" count="17" type="stmt"/>
        <line num="229" count="17" type="stmt"/>
        <line num="230" count="17" type="stmt"/>
        <line num="231" count="17" type="stmt"/>
        <line num="232" count="17" type="stmt"/>
        <line num="233" count="17" type="stmt"/>
        <line num="234" count="17" type="stmt"/>
        <line num="235" count="17" type="stmt"/>
        <line num="236" count="17" type="stmt"/>
        <line num="237" count="17" type="stmt"/>
        <line num="238" count="17" type="stmt"/>
        <line num="239" count="17" type="stmt"/>
        <line num="240" count="17" type="stmt"/>
        <line num="241" count="17" type="stmt"/>
        <line num="242" count="17" type="stmt"/>
        <line num="243" count="17" type="stmt"/>
        <line num="244" count="17" type="stmt"/>
        <line num="245" count="17" type="stmt"/>
        <line num="246" count="17" type="stmt"/>
        <line num="247" count="17" type="stmt"/>
        <line num="248" count="17" type="stmt"/>
        <line num="249" count="17" type="stmt"/>
        <line num="250" count="17" type="stmt"/>
        <line num="251" count="17" type="stmt"/>
        <line num="252" count="17" type="stmt"/>
        <line num="253" count="17" type="stmt"/>
        <line num="254" count="17" type="stmt"/>
        <line num="255" count="17" type="stmt"/>
        <line num="256" count="17" type="stmt"/>
        <line num="257" count="17" type="stmt"/>
        <line num="258" count="17" type="stmt"/>
        <line num="259" count="17" type="stmt"/>
        <line num="260" count="17" type="stmt"/>
        <line num="261" count="17" type="stmt"/>
        <line num="262" count="17" type="stmt"/>
        <line num="263" count="17" type="stmt"/>
        <line num="264" count="17" type="stmt"/>
        <line num="265" count="17" type="stmt"/>
        <line num="266" count="17" type="stmt"/>
        <line num="267" count="17" type="stmt"/>
        <line num="268" count="17" type="stmt"/>
        <line num="269" count="17" type="stmt"/>
        <line num="270" count="17" type="stmt"/>
        <line num="271" count="17" type="stmt"/>
        <line num="272" count="17" type="stmt"/>
        <line num="273" count="17" type="stmt"/>
        <line num="274" count="17" type="stmt"/>
        <line num="275" count="17" type="stmt"/>
        <line num="276" count="17" type="stmt"/>
        <line num="277" count="17" type="stmt"/>
        <line num="278" count="17" type="stmt"/>
        <line num="279" count="17" type="stmt"/>
        <line num="280" count="17" type="stmt"/>
        <line num="281" count="17" type="stmt"/>
        <line num="282" count="17" type="stmt"/>
        <line num="283" count="17" type="stmt"/>
        <line num="284" count="17" type="stmt"/>
        <line num="285" count="17" type="stmt"/>
        <line num="286" count="17" type="stmt"/>
        <line num="287" count="17" type="stmt"/>
        <line num="288" count="17" type="stmt"/>
        <line num="289" count="17" type="stmt"/>
      </file>
    </package>
    <package name="app.login">
      <metrics statements="165" coveredstatements="163" conditionals="6" coveredconditionals="4" methods="9" coveredmethods="4"/>
      <file name="page.tsx" path="C:\Users\User\Downloads\VybStream3\VybStreamz\app\login\page.tsx">
        <metrics statements="165" coveredstatements="163" conditionals="6" coveredconditionals="4" methods="9" coveredmethods="4"/>
        <line num="1" count="1" type="stmt"/>
        <line num="2" count="1" type="stmt"/>
        <line num="3" count="1" type="stmt"/>
        <line num="4" count="1" type="stmt"/>
        <line num="5" count="1" type="stmt"/>
        <line num="6" count="1" type="stmt"/>
        <line num="7" count="1" type="stmt"/>
        <line num="8" count="1" type="stmt"/>
        <line num="9" count="1" type="stmt"/>
        <line num="10" count="1" type="stmt"/>
        <line num="11" count="1" type="stmt"/>
        <line num="12" count="1" type="stmt"/>
        <line num="13" count="1" type="stmt"/>
        <line num="14" count="1" type="stmt"/>
        <line num="15" count="1" type="cond" truecount="1" falsecount="0"/>
        <line num="16" count="8" type="stmt"/>
        <line num="17" count="8" type="stmt"/>
        <line num="18" count="8" type="stmt"/>
        <line num="19" count="8" type="stmt"/>
        <line num="20" count="8" type="stmt"/>
        <line num="21" count="8" type="stmt"/>
        <line num="22" count="8" type="cond" truecount="1" falsecount="0"/>
        <line num="23" count="1" type="stmt"/>
        <line num="24" count="1" type="stmt"/>
        <line num="25" count="8" type="stmt"/>
        <line num="26" count="8" type="cond" truecount="1" falsecount="0"/>
        <line num="27" count="1" type="stmt"/>
        <line num="28" count="1" type="stmt"/>
        <line num="29" count="1" type="stmt"/>
        <line num="30" count="8" type="stmt"/>
        <line num="31" count="8" type="cond" truecount="1" falsecount="0"/>
        <line num="32" count="1" type="stmt"/>
        <line num="33" count="1" type="stmt"/>
        <line num="34" count="8" type="stmt"/>
        <line num="35" count="8" type="stmt"/>
        <line num="36" count="0" type="stmt"/>
        <line num="37" count="0" type="stmt"/>
        <line num="38" count="8" type="stmt"/>
        <line num="39" count="8" type="stmt"/>
        <line num="40" count="8" type="stmt"/>
        <line num="41" count="8" type="stmt"/>
        <line num="42" count="8" type="stmt"/>
        <line num="43" count="8" type="stmt"/>
        <line num="44" count="8" type="stmt"/>
        <line num="45" count="8" type="stmt"/>
        <line num="46" count="8" type="stmt"/>
        <line num="47" count="8" type="stmt"/>
        <line num="48" count="8" type="stmt"/>
        <line num="49" count="8" type="stmt"/>
        <line num="50" count="8" type="stmt"/>
        <line num="51" count="8" type="stmt"/>
        <line num="52" count="8" type="stmt"/>
        <line num="53" count="8" type="stmt"/>
        <line num="54" count="8" type="stmt"/>
        <line num="55" count="8" type="stmt"/>
        <line num="56" count="8" type="stmt"/>
        <line num="57" count="8" type="stmt"/>
        <line num="58" count="8" type="stmt"/>
        <line num="59" count="8" type="stmt"/>
        <line num="60" count="8" type="stmt"/>
        <line num="61" count="8" type="stmt"/>
        <line num="62" count="8" type="stmt"/>
        <line num="63" count="8" type="stmt"/>
        <line num="64" count="8" type="stmt"/>
        <line num="65" count="8" type="stmt"/>
        <line num="66" count="8" type="stmt"/>
        <line num="67" count="8" type="stmt"/>
        <line num="68" count="8" type="stmt"/>
        <line num="69" count="8" type="stmt"/>
        <line num="70" count="8" type="stmt"/>
        <line num="71" count="8" type="stmt"/>
        <line num="72" count="8" type="stmt"/>
        <line num="73" count="8" type="stmt"/>
        <line num="74" count="8" type="stmt"/>
        <line num="75" count="8" type="stmt"/>
        <line num="76" count="8" type="stmt"/>
        <line num="77" count="8" type="stmt"/>
        <line num="78" count="8" type="stmt"/>
        <line num="79" count="8" type="stmt"/>
        <line num="80" count="8" type="stmt"/>
        <line num="81" count="8" type="stmt"/>
        <line num="82" count="8" type="stmt"/>
        <line num="83" count="8" type="stmt"/>
        <line num="84" count="8" type="stmt"/>
        <line num="85" count="8" type="stmt"/>
        <line num="86" count="8" type="stmt"/>
        <line num="87" count="8" type="stmt"/>
        <line num="88" count="8" type="stmt"/>
        <line num="89" count="8" type="stmt"/>
        <line num="90" count="8" type="stmt"/>
        <line num="91" count="8" type="stmt"/>
        <line num="92" count="8" type="stmt"/>
        <line num="93" count="8" type="stmt"/>
        <line num="94" count="8" type="stmt"/>
        <line num="95" count="8" type="stmt"/>
        <line num="96" count="8" type="stmt"/>
        <line num="97" count="8" type="stmt"/>
        <line num="98" count="8" type="stmt"/>
        <line num="99" count="8" type="stmt"/>
        <line num="100" count="8" type="stmt"/>
        <line num="101" count="8" type="stmt"/>
        <line num="102" count="8" type="stmt"/>
        <line num="103" count="8" type="stmt"/>
        <line num="104" count="8" type="stmt"/>
        <line num="105" count="8" type="stmt"/>
        <line num="106" count="8" type="cond" truecount="0" falsecount="1"/>
        <line num="107" count="8" type="stmt"/>
        <line num="108" count="8" type="stmt"/>
        <line num="109" count="8" type="stmt"/>
        <line num="110" count="8" type="stmt"/>
        <line num="111" count="8" type="stmt"/>
        <line num="112" count="8" type="stmt"/>
        <line num="113" count="8" type="stmt"/>
        <line num="114" count="8" type="stmt"/>
        <line num="115" count="8" type="cond" truecount="0" falsecount="1"/>
        <line num="116" count="8" type="stmt"/>
        <line num="117" count="8" type="stmt"/>
        <line num="118" count="8" type="stmt"/>
        <line num="119" count="8" type="stmt"/>
        <line num="120" count="8" type="stmt"/>
        <line num="121" count="8" type="stmt"/>
        <line num="122" count="8" type="stmt"/>
        <line num="123" count="8" type="stmt"/>
        <line num="124" count="8" type="stmt"/>
        <line num="125" count="8" type="stmt"/>
        <line num="126" count="8" type="stmt"/>
        <line num="127" count="8" type="stmt"/>
        <line num="128" count="8" type="stmt"/>
        <line num="129" count="8" type="stmt"/>
        <line num="130" count="8" type="stmt"/>
        <line num="131" count="8" type="stmt"/>
        <line num="132" count="8" type="stmt"/>
        <line num="133" count="8" type="stmt"/>
        <line num="134" count="8" type="stmt"/>
        <line num="135" count="8" type="stmt"/>
        <line num="136" count="8" type="stmt"/>
        <line num="137" count="8" type="stmt"/>
        <line num="138" count="8" type="stmt"/>
        <line num="139" count="8" type="stmt"/>
        <line num="140" count="8" type="stmt"/>
        <line num="141" count="8" type="stmt"/>
        <line num="142" count="8" type="stmt"/>
        <line num="143" count="8" type="stmt"/>
        <line num="144" count="8" type="stmt"/>
        <line num="145" count="8" type="stmt"/>
        <line num="146" count="8" type="stmt"/>
        <line num="147" count="8" type="stmt"/>
        <line num="148" count="8" type="stmt"/>
        <line num="149" count="8" type="stmt"/>
        <line num="150" count="8" type="stmt"/>
        <line num="151" count="8" type="stmt"/>
        <line num="152" count="8" type="stmt"/>
        <line num="153" count="8" type="stmt"/>
        <line num="154" count="8" type="stmt"/>
        <line num="155" count="8" type="stmt"/>
        <line num="156" count="8" type="stmt"/>
        <line num="157" count="8" type="stmt"/>
        <line num="158" count="8" type="stmt"/>
        <line num="159" count="8" type="stmt"/>
        <line num="160" count="8" type="stmt"/>
        <line num="161" count="8" type="stmt"/>
        <line num="162" count="8" type="stmt"/>
        <line num="163" count="8" type="stmt"/>
        <line num="164" count="8" type="stmt"/>
        <line num="165" count="8" type="stmt"/>
      </file>
    </package>
    <package name="app.otp">
      <metrics statements="121" coveredstatements="102" conditionals="2" coveredconditionals="2" methods="7" coveredmethods="2"/>
      <file name="page.tsx" path="C:\Users\User\Downloads\VybStream3\VybStreamz\app\otp\page.tsx">
        <metrics statements="121" coveredstatements="102" conditionals="2" coveredconditionals="2" methods="7" coveredmethods="2"/>
        <line num="1" count="1" type="stmt"/>
        <line num="2" count="1" type="stmt"/>
        <line num="3" count="1" type="stmt"/>
        <line num="4" count="1" type="stmt"/>
        <line num="5" count="1" type="stmt"/>
        <line num="6" count="1" type="stmt"/>
        <line num="7" count="1" type="stmt"/>
        <line num="8" count="1" type="stmt"/>
        <line num="9" count="1" type="stmt"/>
        <line num="10" count="1" type="stmt"/>
        <line num="11" count="1" type="stmt"/>
        <line num="12" count="1" type="cond" truecount="1" falsecount="0"/>
        <line num="13" count="6" type="stmt"/>
        <line num="14" count="6" type="stmt"/>
        <line num="15" count="6" type="stmt"/>
        <line num="16" count="6" type="stmt"/>
        <line num="17" count="0" type="stmt"/>
        <line num="18" count="0" type="stmt"/>
        <line num="19" count="0" type="stmt"/>
        <line num="20" count="0" type="stmt"/>
        <line num="21" count="0" type="stmt"/>
        <line num="22" count="0" type="stmt"/>
        <line num="23" count="0" type="stmt"/>
        <line num="24" count="0" type="stmt"/>
        <line num="25" count="0" type="stmt"/>
        <line num="26" count="0" type="stmt"/>
        <line num="27" count="0" type="stmt"/>
        <line num="28" count="0" type="stmt"/>
        <line num="29" count="6" type="stmt"/>
        <line num="30" count="6" type="stmt"/>
        <line num="31" count="0" type="stmt"/>
        <line num="32" count="0" type="stmt"/>
        <line num="33" count="0" type="stmt"/>
        <line num="34" count="0" type="stmt"/>
        <line num="35" count="0" type="stmt"/>
        <line num="36" count="6" type="cond" truecount="1" falsecount="0"/>
        <line num="37" count="1" type="stmt"/>
        <line num="38" count="1" type="stmt"/>
        <line num="39" count="6" type="stmt"/>
        <line num="40" count="6" type="stmt"/>
        <line num="41" count="0" type="stmt"/>
        <line num="42" count="0" type="stmt"/>
        <line num="43" count="6" type="stmt"/>
        <line num="44" count="6" type="stmt"/>
        <line num="45" count="6" type="stmt"/>
        <line num="46" count="6" type="stmt"/>
        <line num="47" count="6" type="stmt"/>
        <line num="48" count="6" type="stmt"/>
        <line num="49" count="6" type="stmt"/>
        <line num="50" count="6" type="stmt"/>
        <line num="51" count="6" type="stmt"/>
        <line num="52" count="6" type="stmt"/>
        <line num="53" count="6" type="stmt"/>
        <line num="54" count="6" type="stmt"/>
        <line num="55" count="6" type="stmt"/>
        <line num="56" count="6" type="stmt"/>
        <line num="57" count="6" type="stmt"/>
        <line num="58" count="6" type="stmt"/>
        <line num="59" count="6" type="stmt"/>
        <line num="60" count="6" type="stmt"/>
        <line num="61" count="6" type="stmt"/>
        <line num="62" count="6" type="stmt"/>
        <line num="63" count="6" type="stmt"/>
        <line num="64" count="6" type="stmt"/>
        <line num="65" count="6" type="stmt"/>
        <line num="66" count="6" type="stmt"/>
        <line num="67" count="6" type="stmt"/>
        <line num="68" count="6" type="stmt"/>
        <line num="69" count="6" type="stmt"/>
        <line num="70" count="6" type="stmt"/>
        <line num="71" count="6" type="stmt"/>
        <line num="72" count="6" type="stmt"/>
        <line num="73" count="6" type="stmt"/>
        <line num="74" count="6" type="stmt"/>
        <line num="75" count="6" type="stmt"/>
        <line num="76" count="6" type="stmt"/>
        <line num="77" count="6" type="stmt"/>
        <line num="78" count="6" type="stmt"/>
        <line num="79" count="6" type="stmt"/>
        <line num="80" count="6" type="stmt"/>
        <line num="81" count="6" type="stmt"/>
        <line num="82" count="6" type="stmt"/>
        <line num="83" count="6" type="stmt"/>
        <line num="84" count="6" type="stmt"/>
        <line num="85" count="6" type="stmt"/>
        <line num="86" count="6" type="stmt"/>
        <line num="87" count="6" type="stmt"/>
        <line num="88" count="6" type="stmt"/>
        <line num="89" count="6" type="stmt"/>
        <line num="90" count="6" type="stmt"/>
        <line num="91" count="6" type="stmt"/>
        <line num="92" count="6" type="stmt"/>
        <line num="93" count="6" type="stmt"/>
        <line num="94" count="6" type="stmt"/>
        <line num="95" count="6" type="stmt"/>
        <line num="96" count="6" type="stmt"/>
        <line num="97" count="6" type="stmt"/>
        <line num="98" count="6" type="stmt"/>
        <line num="99" count="6" type="stmt"/>
        <line num="100" count="6" type="stmt"/>
        <line num="101" count="6" type="stmt"/>
        <line num="102" count="6" type="stmt"/>
        <line num="103" count="6" type="stmt"/>
        <line num="104" count="6" type="stmt"/>
        <line num="105" count="6" type="stmt"/>
        <line num="106" count="6" type="stmt"/>
        <line num="107" count="6" type="stmt"/>
        <line num="108" count="6" type="stmt"/>
        <line num="109" count="6" type="stmt"/>
        <line num="110" count="6" type="stmt"/>
        <line num="111" count="6" type="stmt"/>
        <line num="112" count="6" type="stmt"/>
        <line num="113" count="6" type="stmt"/>
        <line num="114" count="6" type="stmt"/>
        <line num="115" count="6" type="stmt"/>
        <line num="116" count="6" type="stmt"/>
        <line num="117" count="6" type="stmt"/>
        <line num="118" count="6" type="stmt"/>
        <line num="119" count="6" type="stmt"/>
        <line num="120" count="6" type="stmt"/>
        <line num="121" count="6" type="stmt"/>
      </file>
    </package>
    <package name="app.parts">
      <metrics statements="176" coveredstatements="176" conditionals="20" coveredconditionals="20" methods="4" coveredmethods="4"/>
      <file name="sidebar.tsx" path="C:\Users\User\Downloads\VybStream3\VybStreamz\app\parts\sidebar.tsx">
        <metrics statements="176" coveredstatements="176" conditionals="20" coveredconditionals="20" methods="4" coveredmethods="4"/>
        <line num="1" count="1" type="stmt"/>
        <line num="2" count="1" type="stmt"/>
        <line num="3" count="1" type="stmt"/>
        <line num="4" count="1" type="stmt"/>
        <line num="5" count="1" type="stmt"/>
        <line num="6" count="1" type="stmt"/>
        <line num="7" count="1" type="stmt"/>
        <line num="8" count="1" type="stmt"/>
        <line num="9" count="1" type="stmt"/>
        <line num="10" count="1" type="stmt"/>
        <line num="11" count="1" type="stmt"/>
        <line num="12" count="1" type="stmt"/>
        <line num="13" count="1" type="stmt"/>
        <line num="14" count="1" type="stmt"/>
        <line num="15" count="1" type="stmt"/>
        <line num="16" count="1" type="stmt"/>
        <line num="17" count="1" type="stmt"/>
        <line num="18" count="1" type="stmt"/>
        <line num="19" count="1" type="stmt"/>
        <line num="20" count="1" type="stmt"/>
        <line num="21" count="1" type="stmt"/>
        <line num="22" count="1" type="cond" truecount="1" falsecount="0"/>
        <line num="23" count="8" type="stmt"/>
        <line num="24" count="8" type="stmt"/>
        <line num="25" count="8" type="stmt"/>
        <line num="26" count="8" type="stmt"/>
        <line num="27" count="8" type="stmt"/>
        <line num="28" count="8" type="stmt"/>
        <line num="29" count="8" type="stmt"/>
        <line num="30" count="8" type="cond" truecount="1" falsecount="0"/>
        <line num="31" count="3" type="stmt"/>
        <line num="32" count="3" type="stmt"/>
        <line num="33" count="3" type="stmt"/>
        <line num="34" count="8" type="stmt"/>
        <line num="35" count="8" type="cond" truecount="1" falsecount="0"/>
        <line num="36" count="1" type="stmt"/>
        <line num="37" count="1" type="stmt"/>
        <line num="38" count="1" type="stmt"/>
        <line num="39" count="1" type="stmt"/>
        <line num="40" count="8" type="stmt"/>
        <line num="41" count="8" type="cond" truecount="1" falsecount="0"/>
        <line num="42" count="1" type="stmt"/>
        <line num="43" count="1" type="stmt"/>
        <line num="44" count="8" type="stmt"/>
        <line num="45" count="8" type="stmt"/>
        <line num="46" count="8" type="stmt"/>
        <line num="47" count="8" type="stmt"/>
        <line num="48" count="8" type="stmt"/>
        <line num="49" count="8" type="stmt"/>
        <line num="50" count="8" type="stmt"/>
        <line num="51" count="8" type="stmt"/>
        <line num="52" count="8" type="stmt"/>
        <line num="53" count="8" type="stmt"/>
        <line num="54" count="8" type="stmt"/>
        <line num="55" count="8" type="stmt"/>
        <line num="56" count="8" type="stmt"/>
        <line num="57" count="8" type="stmt"/>
        <line num="58" count="8" type="stmt"/>
        <line num="59" count="8" type="stmt"/>
        <line num="60" count="8" type="stmt"/>
        <line num="61" count="8" type="stmt"/>
        <line num="62" count="8" type="stmt"/>
        <line num="63" count="8" type="stmt"/>
        <line num="64" count="8" type="stmt"/>
        <line num="65" count="8" type="cond" truecount="1" falsecount="0"/>
        <line num="66" count="64" type="stmt"/>
        <line num="67" count="64" type="stmt"/>
        <line num="68" count="64" type="stmt"/>
        <line num="69" count="8" type="cond" truecount="2" falsecount="0"/>
        <line num="70" count="8" type="stmt"/>
        <line num="71" count="8" type="stmt"/>
        <line num="72" count="8" type="cond" truecount="2" falsecount="0"/>
        <line num="73" count="8" type="cond" truecount="2" falsecount="0"/>
        <line num="74" count="8" type="stmt"/>
        <line num="75" count="8" type="stmt"/>
        <line num="76" count="8" type="stmt"/>
        <line num="77" count="8" type="stmt"/>
        <line num="78" count="8" type="stmt"/>
        <line num="79" count="8" type="stmt"/>
        <line num="80" count="8" type="stmt"/>
        <line num="81" count="8" type="stmt"/>
        <line num="82" count="8" type="stmt"/>
        <line num="83" count="8" type="stmt"/>
        <line num="84" count="8" type="stmt"/>
        <line num="85" count="8" type="stmt"/>
        <line num="86" count="8" type="stmt"/>
        <line num="87" count="8" type="stmt"/>
        <line num="88" count="8" type="stmt"/>
        <line num="89" count="8" type="stmt"/>
        <line num="90" count="8" type="stmt"/>
        <line num="91" count="8" type="stmt"/>
        <line num="92" count="8" type="stmt"/>
        <line num="93" count="8" type="stmt"/>
        <line num="94" count="8" type="stmt"/>
        <line num="95" count="8" type="stmt"/>
        <line num="96" count="8" type="stmt"/>
        <line num="97" count="8" type="stmt"/>
        <line num="98" count="8" type="stmt"/>
        <line num="99" count="8" type="stmt"/>
        <line num="100" count="8" type="stmt"/>
        <line num="101" count="8" type="stmt"/>
        <line num="102" count="8" type="stmt"/>
        <line num="103" count="8" type="stmt"/>
        <line num="104" count="8" type="stmt"/>
        <line num="105" count="8" type="stmt"/>
        <line num="106" count="8" type="stmt"/>
        <line num="107" count="8" type="cond" truecount="1" falsecount="0"/>
        <line num="108" count="64" type="stmt"/>
        <line num="109" count="64" type="stmt"/>
        <line num="110" count="64" type="stmt"/>
        <line num="111" count="8" type="cond" truecount="2" falsecount="0"/>
        <line num="112" count="8" type="stmt"/>
        <line num="113" count="8" type="stmt"/>
        <line num="114" count="8" type="cond" truecount="2" falsecount="0"/>
        <line num="115" count="8" type="cond" truecount="2" falsecount="0"/>
        <line num="116" count="8" type="stmt"/>
        <line num="117" count="8" type="stmt"/>
        <line num="118" count="8" type="cond" truecount="2" falsecount="0"/>
        <line num="119" count="8" type="stmt"/>
        <line num="120" count="8" type="stmt"/>
        <line num="121" count="8" type="stmt"/>
        <line num="122" count="8" type="stmt"/>
        <line num="123" count="8" type="stmt"/>
        <line num="124" count="8" type="stmt"/>
        <line num="125" count="8" type="stmt"/>
        <line num="126" count="8" type="stmt"/>
        <line num="127" count="8" type="stmt"/>
        <line num="128" count="8" type="stmt"/>
        <line num="129" count="8" type="stmt"/>
        <line num="130" count="8" type="stmt"/>
        <line num="131" count="8" type="stmt"/>
        <line num="132" count="8" type="stmt"/>
        <line num="133" count="8" type="stmt"/>
        <line num="134" count="8" type="stmt"/>
        <line num="135" count="8" type="stmt"/>
        <line num="136" count="8" type="stmt"/>
        <line num="137" count="8" type="stmt"/>
        <line num="138" count="8" type="stmt"/>
        <line num="139" count="8" type="stmt"/>
        <line num="140" count="8" type="stmt"/>
        <line num="141" count="8" type="stmt"/>
        <line num="142" count="8" type="stmt"/>
        <line num="143" count="8" type="stmt"/>
        <line num="144" count="8" type="stmt"/>
        <line num="145" count="8" type="stmt"/>
        <line num="146" count="8" type="stmt"/>
        <line num="147" count="8" type="stmt"/>
        <line num="148" count="8" type="stmt"/>
        <line num="149" count="8" type="stmt"/>
        <line num="150" count="8" type="stmt"/>
        <line num="151" count="8" type="stmt"/>
        <line num="152" count="8" type="stmt"/>
        <line num="153" count="8" type="stmt"/>
        <line num="154" count="8" type="stmt"/>
        <line num="155" count="8" type="stmt"/>
        <line num="156" count="8" type="stmt"/>
        <line num="157" count="8" type="stmt"/>
        <line num="158" count="8" type="stmt"/>
        <line num="159" count="8" type="stmt"/>
        <line num="160" count="8" type="stmt"/>
        <line num="161" count="8" type="stmt"/>
        <line num="162" count="8" type="stmt"/>
        <line num="163" count="8" type="stmt"/>
        <line num="164" count="8" type="stmt"/>
        <line num="165" count="8" type="stmt"/>
        <line num="166" count="8" type="stmt"/>
        <line num="167" count="8" type="stmt"/>
        <line num="168" count="8" type="stmt"/>
        <line num="169" count="8" type="stmt"/>
        <line num="170" count="8" type="stmt"/>
        <line num="171" count="8" type="stmt"/>
        <line num="172" count="8" type="stmt"/>
        <line num="173" count="8" type="stmt"/>
        <line num="174" count="8" type="stmt"/>
        <line num="175" count="8" type="stmt"/>
        <line num="176" count="8" type="stmt"/>
      </file>
    </package>
    <package name="app.passwordReset">
      <metrics statements="170" coveredstatements="168" conditionals="16" coveredconditionals="16" methods="8" coveredmethods="5"/>
      <file name="page.tsx" path="C:\Users\User\Downloads\VybStream3\VybStreamz\app\passwordReset\page.tsx">
        <metrics statements="170" coveredstatements="168" conditionals="16" coveredconditionals="16" methods="8" coveredmethods="5"/>
        <line num="1" count="1" type="stmt"/>
        <line num="2" count="1" type="stmt"/>
        <line num="3" count="1" type="stmt"/>
        <line num="4" count="1" type="stmt"/>
        <line num="5" count="1" type="stmt"/>
        <line num="6" count="1" type="stmt"/>
        <line num="7" count="1" type="stmt"/>
        <line num="8" count="1" type="stmt"/>
        <line num="9" count="1" type="stmt"/>
        <line num="10" count="1" type="stmt"/>
        <line num="11" count="1" type="stmt"/>
        <line num="12" count="1" type="stmt"/>
        <line num="13" count="1" type="cond" truecount="1" falsecount="0"/>
        <line num="14" count="36" type="stmt"/>
        <line num="15" count="36" type="stmt"/>
        <line num="16" count="36" type="stmt"/>
        <line num="17" count="36" type="stmt"/>
        <line num="18" count="36" type="stmt"/>
        <line num="19" count="36" type="stmt"/>
        <line num="20" count="36" type="stmt"/>
        <line num="21" count="36" type="stmt"/>
        <line num="22" count="36" type="stmt"/>
        <line num="23" count="36" type="stmt"/>
        <line num="24" count="36" type="stmt"/>
        <line num="25" count="36" type="cond" truecount="3" falsecount="0"/>
        <line num="26" count="36" type="stmt"/>
        <line num="27" count="36" type="cond" truecount="1" falsecount="0"/>
        <line num="28" count="1" type="stmt"/>
        <line num="29" count="1" type="stmt"/>
        <line num="30" count="1" type="stmt"/>
        <line num="31" count="1" type="stmt"/>
        <line num="32" count="1" type="stmt"/>
        <line num="33" count="36" type="stmt"/>
        <line num="34" count="36" type="cond" truecount="1" falsecount="0"/>
        <line num="35" count="1" type="stmt"/>
        <line num="36" count="1" type="stmt"/>
        <line num="37" count="1" type="stmt"/>
        <line num="38" count="36" type="stmt"/>
        <line num="39" count="36" type="stmt"/>
        <line num="40" count="0" type="stmt"/>
        <line num="41" count="0" type="stmt"/>
        <line num="42" count="36" type="stmt"/>
        <line num="43" count="36" type="stmt"/>
        <line num="44" count="36" type="stmt"/>
        <line num="45" count="36" type="stmt"/>
        <line num="46" count="36" type="stmt"/>
        <line num="47" count="36" type="stmt"/>
        <line num="48" count="36" type="stmt"/>
        <line num="49" count="36" type="stmt"/>
        <line num="50" count="36" type="stmt"/>
        <line num="51" count="36" type="stmt"/>
        <line num="52" count="36" type="stmt"/>
        <line num="53" count="36" type="stmt"/>
        <line num="54" count="36" type="stmt"/>
        <line num="55" count="36" type="stmt"/>
        <line num="56" count="36" type="stmt"/>
        <line num="57" count="36" type="stmt"/>
        <line num="58" count="36" type="stmt"/>
        <line num="59" count="36" type="stmt"/>
        <line num="60" count="36" type="stmt"/>
        <line num="61" count="36" type="stmt"/>
        <line num="62" count="36" type="stmt"/>
        <line num="63" count="36" type="stmt"/>
        <line num="64" count="36" type="stmt"/>
        <line num="65" count="36" type="stmt"/>
        <line num="66" count="36" type="stmt"/>
        <line num="67" count="36" type="stmt"/>
        <line num="68" count="36" type="stmt"/>
        <line num="69" count="36" type="stmt"/>
        <line num="70" count="36" type="stmt"/>
        <line num="71" count="36" type="stmt"/>
        <line num="72" count="36" type="stmt"/>
        <line num="73" count="36" type="stmt"/>
        <line num="74" count="36" type="stmt"/>
        <line num="75" count="36" type="stmt"/>
        <line num="76" count="36" type="stmt"/>
        <line num="77" count="36" type="stmt"/>
        <line num="78" count="36" type="stmt"/>
        <line num="79" count="36" type="stmt"/>
        <line num="80" count="36" type="stmt"/>
        <line num="81" count="36" type="stmt"/>
        <line num="82" count="36" type="stmt"/>
        <line num="83" count="36" type="stmt"/>
        <line num="84" count="36" type="stmt"/>
        <line num="85" count="36" type="stmt"/>
        <line num="86" count="36" type="stmt"/>
        <line num="87" count="36" type="stmt"/>
        <line num="88" count="36" type="stmt"/>
        <line num="89" count="36" type="stmt"/>
        <line num="90" count="36" type="stmt"/>
        <line num="91" count="36" type="stmt"/>
        <line num="92" count="36" type="cond" truecount="1" falsecount="0"/>
        <line num="93" count="36" type="stmt"/>
        <line num="94" count="36" type="stmt"/>
        <line num="95" count="36" type="stmt"/>
        <line num="96" count="36" type="stmt"/>
        <line num="97" count="36" type="stmt"/>
        <line num="98" count="36" type="stmt"/>
        <line num="99" count="36" type="stmt"/>
        <line num="100" count="36" type="stmt"/>
        <line num="101" count="36" type="stmt"/>
        <line num="102" count="36" type="stmt"/>
        <line num="103" count="36" type="stmt"/>
        <line num="104" count="36" type="stmt"/>
        <line num="105" count="36" type="stmt"/>
        <line num="106" count="36" type="cond" truecount="1" falsecount="0"/>
        <line num="107" count="36" type="stmt"/>
        <line num="108" count="36" type="stmt"/>
        <line num="109" count="36" type="stmt"/>
        <line num="110" count="36" type="stmt"/>
        <line num="111" count="36" type="stmt"/>
        <line num="112" count="36" type="stmt"/>
        <line num="113" count="36" type="stmt"/>
        <line num="114" count="36" type="stmt"/>
        <line num="115" count="36" type="stmt"/>
        <line num="116" count="36" type="stmt"/>
        <line num="117" count="36" type="cond" truecount="2" falsecount="0"/>
        <line num="118" count="36" type="stmt"/>
        <line num="119" count="36" type="stmt"/>
        <line num="120" count="36" type="stmt"/>
        <line num="121" count="36" type="stmt"/>
        <line num="122" count="36" type="stmt"/>
        <line num="123" count="36" type="stmt"/>
        <line num="124" count="36" type="stmt"/>
        <line num="125" count="36" type="stmt"/>
        <line num="126" count="36" type="cond" truecount="2" falsecount="0"/>
        <line num="127" count="36" type="stmt"/>
        <line num="128" count="36" type="stmt"/>
        <line num="129" count="36" type="stmt"/>
        <line num="130" count="36" type="stmt"/>
        <line num="131" count="36" type="stmt"/>
        <line num="132" count="36" type="stmt"/>
        <line num="133" count="36" type="stmt"/>
        <line num="134" count="36" type="stmt"/>
        <line num="135" count="36" type="cond" truecount="2" falsecount="0"/>
        <line num="136" count="36" type="stmt"/>
        <line num="137" count="36" type="stmt"/>
        <line num="138" count="36" type="stmt"/>
        <line num="139" count="36" type="stmt"/>
        <line num="140" count="36" type="stmt"/>
        <line num="141" count="36" type="stmt"/>
        <line num="142" count="36" type="stmt"/>
        <line num="143" count="36" type="stmt"/>
        <line num="144" count="36" type="cond" truecount="2" falsecount="0"/>
        <line num="145" count="36" type="stmt"/>
        <line num="146" count="36" type="stmt"/>
        <line num="147" count="36" type="stmt"/>
        <line num="148" count="36" type="stmt"/>
        <line num="149" count="36" type="stmt"/>
        <line num="150" count="36" type="stmt"/>
        <line num="151" count="36" type="stmt"/>
        <line num="152" count="36" type="stmt"/>
        <line num="153" count="36" type="stmt"/>
        <line num="154" count="36" type="stmt"/>
        <line num="155" count="36" type="stmt"/>
        <line num="156" count="36" type="stmt"/>
        <line num="157" count="36" type="stmt"/>
        <line num="158" count="36" type="stmt"/>
        <line num="159" count="36" type="stmt"/>
        <line num="160" count="36" type="stmt"/>
        <line num="161" count="36" type="stmt"/>
        <line num="162" count="36" type="stmt"/>
        <line num="163" count="36" type="stmt"/>
        <line num="164" count="36" type="stmt"/>
        <line num="165" count="36" type="stmt"/>
        <line num="166" count="36" type="stmt"/>
        <line num="167" count="36" type="stmt"/>
        <line num="168" count="36" type="stmt"/>
        <line num="169" count="36" type="stmt"/>
        <line num="170" count="36" type="stmt"/>
      </file>
    </package>
    <package name="app.payment">
      <metrics statements="377" coveredstatements="368" conditionals="24" coveredconditionals="18" methods="17" coveredmethods="12"/>
      <file name="page.tsx" path="C:\Users\User\Downloads\VybStream3\VybStreamz\app\payment\page.tsx">
        <metrics statements="377" coveredstatements="368" conditionals="24" coveredconditionals="18" methods="17" coveredmethods="12"/>
        <line num="1" count="1" type="stmt"/>
        <line num="2" count="1" type="stmt"/>
        <line num="3" count="1" type="stmt"/>
        <line num="4" count="1" type="stmt"/>
        <line num="5" count="1" type="stmt"/>
        <line num="6" count="1" type="stmt"/>
        <line num="7" count="1" type="stmt"/>
        <line num="8" count="1" type="stmt"/>
        <line num="9" count="1" type="stmt"/>
        <line num="10" count="1" type="stmt"/>
        <line num="11" count="1" type="stmt"/>
        <line num="12" count="1" type="stmt"/>
        <line num="13" count="1" type="stmt"/>
        <line num="14" count="1" type="stmt"/>
        <line num="15" count="1" type="cond" truecount="1" falsecount="0"/>
        <line num="16" count="14" type="stmt"/>
        <line num="17" count="14" type="stmt"/>
        <line num="18" count="14" type="stmt"/>
        <line num="19" count="14" type="stmt"/>
        <line num="20" count="14" type="stmt"/>
        <line num="21" count="14" type="stmt"/>
        <line num="22" count="14" type="stmt"/>
        <line num="23" count="14" type="stmt"/>
        <line num="24" count="14" type="stmt"/>
        <line num="25" count="14" type="stmt"/>
        <line num="26" count="14" type="stmt"/>
        <line num="27" count="14" type="stmt"/>
        <line num="28" count="14" type="stmt"/>
        <line num="29" count="14" type="stmt"/>
        <line num="30" count="14" type="stmt"/>
        <line num="31" count="14" type="stmt"/>
        <line num="32" count="14" type="stmt"/>
        <line num="33" count="14" type="stmt"/>
        <line num="34" count="14" type="stmt"/>
        <line num="35" count="14" type="stmt"/>
        <line num="36" count="14" type="stmt"/>
        <line num="37" count="14" type="stmt"/>
        <line num="38" count="14" type="stmt"/>
        <line num="39" count="14" type="stmt"/>
        <line num="40" count="14" type="stmt"/>
        <line num="41" count="14" type="stmt"/>
        <line num="42" count="14" type="stmt"/>
        <line num="43" count="14" type="stmt"/>
        <line num="44" count="14" type="stmt"/>
        <line num="45" count="14" type="stmt"/>
        <line num="46" count="14" type="stmt"/>
        <line num="47" count="14" type="stmt"/>
        <line num="48" count="14" type="stmt"/>
        <line num="49" count="14" type="stmt"/>
        <line num="50" count="14" type="stmt"/>
        <line num="51" count="14" type="stmt"/>
        <line num="52" count="14" type="stmt"/>
        <line num="53" count="14" type="stmt"/>
        <line num="54" count="14" type="stmt"/>
        <line num="55" count="14" type="stmt"/>
        <line num="56" count="14" type="stmt"/>
        <line num="57" count="14" type="stmt"/>
        <line num="58" count="14" type="stmt"/>
        <line num="59" count="14" type="stmt"/>
        <line num="60" count="14" type="stmt"/>
        <line num="61" count="14" type="stmt"/>
        <line num="62" count="14" type="stmt"/>
        <line num="63" count="14" type="stmt"/>
        <line num="64" count="14" type="stmt"/>
        <line num="65" count="14" type="stmt"/>
        <line num="66" count="14" type="stmt"/>
        <line num="67" count="14" type="stmt"/>
        <line num="68" count="14" type="stmt"/>
        <line num="69" count="14" type="stmt"/>
        <line num="70" count="14" type="stmt"/>
        <line num="71" count="14" type="stmt"/>
        <line num="72" count="14" type="stmt"/>
        <line num="73" count="14" type="stmt"/>
        <line num="74" count="14" type="stmt"/>
        <line num="75" count="14" type="stmt"/>
        <line num="76" count="14" type="stmt"/>
        <line num="77" count="14" type="stmt"/>
        <line num="78" count="14" type="stmt"/>
        <line num="79" count="14" type="stmt"/>
        <line num="80" count="14" type="stmt"/>
        <line num="81" count="14" type="stmt"/>
        <line num="82" count="14" type="stmt"/>
        <line num="83" count="14" type="stmt"/>
        <line num="84" count="14" type="stmt"/>
        <line num="85" count="14" type="stmt"/>
        <line num="86" count="14" type="stmt"/>
        <line num="87" count="14" type="stmt"/>
        <line num="88" count="14" type="stmt"/>
        <line num="89" count="0" type="stmt"/>
        <line num="90" count="0" type="stmt"/>
        <line num="91" count="14" type="stmt"/>
        <line num="92" count="14" type="cond" truecount="1" falsecount="0"/>
        <line num="93" count="5" type="stmt"/>
        <line num="94" count="5" type="stmt"/>
        <line num="95" count="14" type="stmt"/>
        <line num="96" count="14" type="cond" truecount="1" falsecount="0"/>
        <line num="97" count="3" type="stmt"/>
        <line num="98" count="3" type="stmt"/>
        <line num="99" count="14" type="stmt"/>
        <line num="100" count="14" type="cond" truecount="1" falsecount="0"/>
        <line num="101" count="1" type="stmt"/>
        <line num="102" count="1" type="stmt"/>
        <line num="103" count="14" type="stmt"/>
        <line num="104" count="14" type="cond" truecount="1" falsecount="0"/>
        <line num="105" count="1" type="stmt"/>
        <line num="106" count="1" type="stmt"/>
        <line num="107" count="14" type="stmt"/>
        <line num="108" count="14" type="cond" truecount="1" falsecount="0"/>
        <line num="109" count="1" type="stmt"/>
        <line num="110" count="1" type="stmt"/>
        <line num="111" count="14" type="stmt"/>
        <line num="112" count="14" type="cond" truecount="1" falsecount="0"/>
        <line num="113" count="42" type="stmt"/>
        <line num="114" count="42" type="cond" truecount="1" falsecount="0"/>
        <line num="115" count="14" type="stmt"/>
        <line num="116" count="42" type="cond" truecount="1" falsecount="0"/>
        <line num="117" count="14" type="stmt"/>
        <line num="118" count="42" type="cond" truecount="1" falsecount="0"/>
        <line num="119" count="14" type="stmt"/>
        <line num="120" count="42" type="cond" truecount="0" falsecount="1"/>
        <line num="121" count="0" type="stmt"/>
        <line num="122" count="42" type="cond" truecount="0" falsecount="1"/>
        <line num="123" count="0" type="stmt"/>
        <line num="124" count="42" type="cond" truecount="0" falsecount="1"/>
        <line num="125" count="0" type="stmt"/>
        <line num="126" count="42" type="cond" truecount="0" falsecount="1"/>
        <line num="127" count="0" type="stmt"/>
        <line num="128" count="42" type="stmt"/>
        <line num="129" count="42" type="stmt"/>
        <line num="130" count="14" type="stmt"/>
        <line num="131" count="14" type="stmt"/>
        <line num="132" count="0" type="stmt"/>
        <line num="133" count="0" type="stmt"/>
        <line num="134" count="14" type="stmt"/>
        <line num="135" count="14" type="stmt"/>
        <line num="136" count="14" type="stmt"/>
        <line num="137" count="14" type="stmt"/>
        <line num="138" count="14" type="stmt"/>
        <line num="139" count="14" type="stmt"/>
        <line num="140" count="14" type="stmt"/>
        <line num="141" count="14" type="stmt"/>
        <line num="142" count="14" type="stmt"/>
        <line num="143" count="14" type="stmt"/>
        <line num="144" count="14" type="stmt"/>
        <line num="145" count="14" type="stmt"/>
        <line num="146" count="14" type="stmt"/>
        <line num="147" count="14" type="stmt"/>
        <line num="148" count="14" type="stmt"/>
        <line num="149" count="14" type="stmt"/>
        <line num="150" count="14" type="stmt"/>
        <line num="151" count="14" type="stmt"/>
        <line num="152" count="14" type="stmt"/>
        <line num="153" count="14" type="stmt"/>
        <line num="154" count="14" type="stmt"/>
        <line num="155" count="14" type="stmt"/>
        <line num="156" count="14" type="cond" truecount="1" falsecount="0"/>
        <line num="157" count="42" type="stmt"/>
        <line num="158" count="42" type="stmt"/>
        <line num="159" count="14" type="stmt"/>
        <line num="160" count="14" type="stmt"/>
        <line num="161" count="0" type="cond" truecount="0" falsecount="1"/>
        <line num="162" count="14" type="stmt"/>
        <line num="163" count="14" type="stmt"/>
        <line num="164" count="14" type="stmt"/>
        <line num="165" count="14" type="stmt"/>
        <line num="166" count="14" type="stmt"/>
        <line num="167" count="14" type="stmt"/>
        <line num="168" count="14" type="stmt"/>
        <line num="169" count="14" type="stmt"/>
        <line num="170" count="14" type="stmt"/>
        <line num="171" count="14" type="stmt"/>
        <line num="172" count="14" type="stmt"/>
        <line num="173" count="14" type="stmt"/>
        <line num="174" count="14" type="stmt"/>
        <line num="175" count="14" type="stmt"/>
        <line num="176" count="14" type="stmt"/>
        <line num="177" count="14" type="stmt"/>
        <line num="178" count="14" type="stmt"/>
        <line num="179" count="14" type="stmt"/>
        <line num="180" count="14" type="stmt"/>
        <line num="181" count="14" type="stmt"/>
        <line num="182" count="14" type="stmt"/>
        <line num="183" count="14" type="stmt"/>
        <line num="184" count="14" type="stmt"/>
        <line num="185" count="14" type="stmt"/>
        <line num="186" count="14" type="stmt"/>
        <line num="187" count="14" type="stmt"/>
        <line num="188" count="14" type="stmt"/>
        <line num="189" count="14" type="stmt"/>
        <line num="190" count="14" type="stmt"/>
        <line num="191" count="14" type="stmt"/>
        <line num="192" count="14" type="stmt"/>
        <line num="193" count="14" type="stmt"/>
        <line num="194" count="14" type="stmt"/>
        <line num="195" count="14" type="stmt"/>
        <line num="196" count="14" type="stmt"/>
        <line num="197" count="14" type="stmt"/>
        <line num="198" count="14" type="stmt"/>
        <line num="199" count="14" type="cond" truecount="1" falsecount="0"/>
        <line num="200" count="14" type="stmt"/>
        <line num="201" count="14" type="stmt"/>
        <line num="202" count="14" type="stmt"/>
        <line num="203" count="14" type="stmt"/>
        <line num="204" count="14" type="stmt"/>
        <line num="205" count="14" type="stmt"/>
        <line num="206" count="14" type="stmt"/>
        <line num="207" count="14" type="stmt"/>
        <line num="208" count="14" type="stmt"/>
        <line num="209" count="14" type="stmt"/>
        <line num="210" count="14" type="stmt"/>
        <line num="211" count="14" type="stmt"/>
        <line num="212" count="14" type="stmt"/>
        <line num="213" count="14" type="stmt"/>
        <line num="214" count="14" type="stmt"/>
        <line num="215" count="14" type="stmt"/>
        <line num="216" count="14" type="stmt"/>
        <line num="217" count="14" type="stmt"/>
        <line num="218" count="14" type="stmt"/>
        <line num="219" count="14" type="stmt"/>
        <line num="220" count="14" type="stmt"/>
        <line num="221" count="14" type="stmt"/>
        <line num="222" count="14" type="stmt"/>
        <line num="223" count="14" type="stmt"/>
        <line num="224" count="14" type="stmt"/>
        <line num="225" count="14" type="cond" truecount="1" falsecount="0"/>
        <line num="226" count="42" type="stmt"/>
        <line num="227" count="42" type="stmt"/>
        <line num="228" count="14" type="stmt"/>
        <line num="229" count="14" type="stmt"/>
        <line num="230" count="14" type="stmt"/>
        <line num="231" count="14" type="stmt"/>
        <line num="232" count="14" type="stmt"/>
        <line num="233" count="14" type="stmt"/>
        <line num="234" count="14" type="stmt"/>
        <line num="235" count="14" type="stmt"/>
        <line num="236" count="14" type="stmt"/>
        <line num="237" count="14" type="stmt"/>
        <line num="238" count="14" type="stmt"/>
        <line num="239" count="14" type="stmt"/>
        <line num="240" count="14" type="stmt"/>
        <line num="241" count="14" type="stmt"/>
        <line num="242" count="14" type="stmt"/>
        <line num="243" count="14" type="stmt"/>
        <line num="244" count="14" type="stmt"/>
        <line num="245" count="14" type="stmt"/>
        <line num="246" count="14" type="stmt"/>
        <line num="247" count="14" type="stmt"/>
        <line num="248" count="14" type="stmt"/>
        <line num="249" count="14" type="stmt"/>
        <line num="250" count="14" type="stmt"/>
        <line num="251" count="14" type="stmt"/>
        <line num="252" count="14" type="stmt"/>
        <line num="253" count="14" type="stmt"/>
        <line num="254" count="14" type="stmt"/>
        <line num="255" count="14" type="stmt"/>
        <line num="256" count="14" type="stmt"/>
        <line num="257" count="14" type="stmt"/>
        <line num="258" count="14" type="stmt"/>
        <line num="259" count="14" type="stmt"/>
        <line num="260" count="14" type="stmt"/>
        <line num="261" count="14" type="stmt"/>
        <line num="262" count="14" type="stmt"/>
        <line num="263" count="14" type="stmt"/>
        <line num="264" count="14" type="stmt"/>
        <line num="265" count="14" type="stmt"/>
        <line num="266" count="14" type="stmt"/>
        <line num="267" count="14" type="stmt"/>
        <line num="268" count="14" type="stmt"/>
        <line num="269" count="14" type="stmt"/>
        <line num="270" count="14" type="stmt"/>
        <line num="271" count="14" type="stmt"/>
        <line num="272" count="14" type="stmt"/>
        <line num="273" count="14" type="stmt"/>
        <line num="274" count="14" type="stmt"/>
        <line num="275" count="14" type="stmt"/>
        <line num="276" count="14" type="stmt"/>
        <line num="277" count="14" type="stmt"/>
        <line num="278" count="14" type="stmt"/>
        <line num="279" count="14" type="stmt"/>
        <line num="280" count="14" type="stmt"/>
        <line num="281" count="14" type="cond" truecount="1" falsecount="0"/>
        <line num="282" count="42" type="stmt"/>
        <line num="283" count="42" type="stmt"/>
        <line num="284" count="14" type="stmt"/>
        <line num="285" count="14" type="stmt"/>
        <line num="286" count="14" type="stmt"/>
        <line num="287" count="14" type="stmt"/>
        <line num="288" count="14" type="stmt"/>
        <line num="289" count="14" type="stmt"/>
        <line num="290" count="14" type="cond" truecount="0" falsecount="1"/>
        <line num="291" count="14" type="stmt"/>
        <line num="292" count="14" type="stmt"/>
        <line num="293" count="14" type="stmt"/>
        <line num="294" count="14" type="stmt"/>
        <line num="295" count="14" type="stmt"/>
        <line num="296" count="14" type="stmt"/>
        <line num="297" count="14" type="stmt"/>
        <line num="298" count="14" type="stmt"/>
        <line num="299" count="14" type="stmt"/>
        <line num="300" count="14" type="stmt"/>
        <line num="301" count="14" type="stmt"/>
        <line num="302" count="14" type="stmt"/>
        <line num="303" count="14" type="stmt"/>
        <line num="304" count="14" type="stmt"/>
        <line num="305" count="14" type="stmt"/>
        <line num="306" count="14" type="stmt"/>
        <line num="307" count="14" type="stmt"/>
        <line num="308" count="14" type="stmt"/>
        <line num="309" count="14" type="stmt"/>
        <line num="310" count="14" type="stmt"/>
        <line num="311" count="14" type="stmt"/>
        <line num="312" count="14" type="stmt"/>
        <line num="313" count="14" type="stmt"/>
        <line num="314" count="14" type="stmt"/>
        <line num="315" count="14" type="stmt"/>
        <line num="316" count="14" type="stmt"/>
        <line num="317" count="14" type="stmt"/>
        <line num="318" count="14" type="stmt"/>
        <line num="319" count="14" type="stmt"/>
        <line num="320" count="14" type="stmt"/>
        <line num="321" count="14" type="stmt"/>
        <line num="322" count="14" type="stmt"/>
        <line num="323" count="14" type="cond" truecount="1" falsecount="0"/>
        <line num="324" count="14" type="stmt"/>
        <line num="325" count="14" type="stmt"/>
        <line num="326" count="14" type="stmt"/>
        <line num="327" count="14" type="stmt"/>
        <line num="328" count="14" type="stmt"/>
        <line num="329" count="14" type="cond" truecount="1" falsecount="0"/>
        <line num="330" count="14" type="stmt"/>
        <line num="331" count="14" type="stmt"/>
        <line num="332" count="14" type="stmt"/>
        <line num="333" count="14" type="stmt"/>
        <line num="334" count="14" type="stmt"/>
        <line num="335" count="14" type="stmt"/>
        <line num="336" count="14" type="stmt"/>
        <line num="337" count="14" type="stmt"/>
        <line num="338" count="14" type="stmt"/>
        <line num="339" count="14" type="stmt"/>
        <line num="340" count="14" type="stmt"/>
        <line num="341" count="14" type="stmt"/>
        <line num="342" count="14" type="stmt"/>
        <line num="343" count="14" type="stmt"/>
        <line num="344" count="14" type="stmt"/>
        <line num="345" count="14" type="stmt"/>
        <line num="346" count="14" type="stmt"/>
        <line num="347" count="14" type="stmt"/>
        <line num="348" count="14" type="stmt"/>
        <line num="349" count="14" type="stmt"/>
        <line num="350" count="14" type="stmt"/>
        <line num="351" count="14" type="stmt"/>
        <line num="352" count="14" type="stmt"/>
        <line num="353" count="14" type="stmt"/>
        <line num="354" count="14" type="stmt"/>
        <line num="355" count="14" type="stmt"/>
        <line num="356" count="14" type="cond" truecount="1" falsecount="0"/>
        <line num="357" count="14" type="stmt"/>
        <line num="358" count="14" type="stmt"/>
        <line num="359" count="14" type="stmt"/>
        <line num="360" count="14" type="stmt"/>
        <line num="361" count="14" type="stmt"/>
        <line num="362" count="14" type="cond" truecount="1" falsecount="0"/>
        <line num="363" count="14" type="stmt"/>
        <line num="364" count="14" type="stmt"/>
        <line num="365" count="14" type="stmt"/>
        <line num="366" count="14" type="stmt"/>
        <line num="367" count="14" type="stmt"/>
        <line num="368" count="14" type="stmt"/>
        <line num="369" count="14" type="stmt"/>
        <line num="370" count="14" type="stmt"/>
        <line num="371" count="14" type="stmt"/>
        <line num="372" count="14" type="stmt"/>
        <line num="373" count="14" type="stmt"/>
        <line num="374" count="14" type="stmt"/>
        <line num="375" count="14" type="stmt"/>
        <line num="376" count="14" type="stmt"/>
        <line num="377" count="14" type="stmt"/>
      </file>
    </package>
    <package name="app.preference">
      <metrics statements="105" coveredstatements="102" conditionals="4" coveredconditionals="3" methods="4" coveredmethods="2"/>
      <file name="page.tsx" path="C:\Users\User\Downloads\VybStream3\VybStreamz\app\preference\page.tsx">
        <metrics statements="105" coveredstatements="102" conditionals="4" coveredconditionals="3" methods="4" coveredmethods="2"/>
        <line num="1" count="1" type="stmt"/>
        <line num="2" count="1" type="stmt"/>
        <line num="3" count="1" type="stmt"/>
        <line num="4" count="1" type="stmt"/>
        <line num="5" count="1" type="stmt"/>
        <line num="6" count="1" type="stmt"/>
        <line num="7" count="1" type="stmt"/>
        <line num="8" count="1" type="stmt"/>
        <line num="9" count="1" type="stmt"/>
        <line num="10" count="1" type="stmt"/>
        <line num="11" count="1" type="stmt"/>
        <line num="12" count="1" type="stmt"/>
        <line num="13" count="1" type="stmt"/>
        <line num="14" count="1" type="stmt"/>
        <line num="15" count="1" type="stmt"/>
        <line num="16" count="1" type="stmt"/>
        <line num="17" count="1" type="stmt"/>
        <line num="18" count="1" type="stmt"/>
        <line num="19" count="1" type="stmt"/>
        <line num="20" count="1" type="stmt"/>
        <line num="21" count="1" type="stmt"/>
        <line num="22" count="1" type="stmt"/>
        <line num="23" count="1" type="stmt"/>
        <line num="24" count="1" type="stmt"/>
        <line num="25" count="1" type="stmt"/>
        <line num="26" count="1" type="stmt"/>
        <line num="27" count="1" type="stmt"/>
        <line num="28" count="1" type="stmt"/>
        <line num="29" count="1" type="stmt"/>
        <line num="30" count="1" type="stmt"/>
        <line num="31" count="1" type="stmt"/>
        <line num="32" count="1" type="stmt"/>
        <line num="33" count="1" type="stmt"/>
        <line num="34" count="1" type="stmt"/>
        <line num="35" count="1" type="stmt"/>
        <line num="36" count="1" type="stmt"/>
        <line num="37" count="1" type="stmt"/>
        <line num="38" count="1" type="stmt"/>
        <line num="39" count="1" type="stmt"/>
        <line num="40" count="1" type="stmt"/>
        <line num="41" count="1" type="stmt"/>
        <line num="42" count="1" type="stmt"/>
        <line num="43" count="1" type="stmt"/>
        <line num="44" count="1" type="stmt"/>
        <line num="45" count="1" type="stmt"/>
        <line num="46" count="1" type="cond" truecount="1" falsecount="0"/>
        <line num="47" count="4" type="stmt"/>
        <line num="48" count="4" type="stmt"/>
        <line num="49" count="4" type="stmt"/>
        <line num="50" count="4" type="stmt"/>
        <line num="51" count="4" type="stmt"/>
        <line num="52" count="0" type="stmt"/>
        <line num="53" count="0" type="stmt"/>
        <line num="54" count="4" type="stmt"/>
        <line num="55" count="4" type="cond" truecount="1" falsecount="0"/>
        <line num="56" count="1" type="stmt"/>
        <line num="57" count="1" type="stmt"/>
        <line num="58" count="1" type="stmt"/>
        <line num="59" count="4" type="stmt"/>
        <line num="60" count="4" type="stmt"/>
        <line num="61" count="4" type="stmt"/>
        <line num="62" count="4" type="stmt"/>
        <line num="63" count="4" type="stmt"/>
        <line num="64" count="4" type="stmt"/>
        <line num="65" count="4" type="stmt"/>
        <line num="66" count="4" type="stmt"/>
        <line num="67" count="4" type="stmt"/>
        <line num="68" count="4" type="stmt"/>
        <line num="69" count="4" type="stmt"/>
        <line num="70" count="4" type="stmt"/>
        <line num="71" count="4" type="stmt"/>
        <line num="72" count="4" type="stmt"/>
        <line num="73" count="4" type="cond" truecount="1" falsecount="0"/>
        <line num="74" count="136" type="stmt"/>
        <line num="75" count="136" type="stmt"/>
        <line num="76" count="4" type="stmt"/>
        <line num="77" count="4" type="stmt"/>
        <line num="78" count="4" type="stmt"/>
        <line num="79" count="4" type="stmt"/>
        <line num="80" count="4" type="stmt"/>
        <line num="81" count="4" type="stmt"/>
        <line num="82" count="4" type="cond" truecount="0" falsecount="1"/>
        <line num="83" count="0" type="stmt"/>
        <line num="84" count="4" type="stmt"/>
        <line num="85" count="4" type="stmt"/>
        <line num="86" count="4" type="stmt"/>
        <line num="87" count="4" type="stmt"/>
        <line num="88" count="4" type="stmt"/>
        <line num="89" count="4" type="stmt"/>
        <line num="90" count="4" type="stmt"/>
        <line num="91" count="4" type="stmt"/>
        <line num="92" count="4" type="stmt"/>
        <line num="93" count="4" type="stmt"/>
        <line num="94" count="4" type="stmt"/>
        <line num="95" count="4" type="stmt"/>
        <line num="96" count="4" type="stmt"/>
        <line num="97" count="4" type="stmt"/>
        <line num="98" count="4" type="stmt"/>
        <line num="99" count="4" type="stmt"/>
        <line num="100" count="4" type="stmt"/>
        <line num="101" count="4" type="stmt"/>
        <line num="102" count="4" type="stmt"/>
        <line num="103" count="4" type="stmt"/>
        <line num="104" count="4" type="stmt"/>
        <line num="105" count="4" type="stmt"/>
      </file>
    </package>
    <package name="app.termsconditions">
      <metrics statements="189" coveredstatements="172" conditionals="9" coveredconditionals="6" methods="11" coveredmethods="4"/>
      <file name="page.tsx" path="C:\Users\User\Downloads\VybStream3\VybStreamz\app\termsconditions\page.tsx">
        <metrics statements="189" coveredstatements="172" conditionals="9" coveredconditionals="6" methods="11" coveredmethods="4"/>
        <line num="1" count="1" type="stmt"/>
        <line num="2" count="1" type="stmt"/>
        <line num="3" count="1" type="stmt"/>
        <line num="4" count="1" type="stmt"/>
        <line num="5" count="1" type="stmt"/>
        <line num="6" count="1" type="stmt"/>
        <line num="7" count="1" type="stmt"/>
        <line num="8" count="1" type="stmt"/>
        <line num="9" count="1" type="stmt"/>
        <line num="10" count="1" type="stmt"/>
        <line num="11" count="1" type="stmt"/>
        <line num="12" count="1" type="stmt"/>
        <line num="13" count="1" type="cond" truecount="1" falsecount="0"/>
        <line num="14" count="10" type="stmt"/>
        <line num="15" count="10" type="stmt"/>
        <line num="16" count="10" type="stmt"/>
        <line num="17" count="10" type="stmt"/>
        <line num="18" count="10" type="stmt"/>
        <line num="19" count="10" type="stmt"/>
        <line num="20" count="10" type="stmt"/>
        <line num="21" count="10" type="stmt"/>
        <line num="22" count="10" type="stmt"/>
        <line num="23" count="10" type="stmt"/>
        <line num="24" count="10" type="stmt"/>
        <line num="25" count="10" type="stmt"/>
        <line num="26" count="10" type="stmt"/>
        <line num="27" count="10" type="stmt"/>
        <line num="28" count="10" type="stmt"/>
        <line num="29" count="10" type="cond" truecount="0" falsecount="3"/>
        <line num="30" count="10" type="stmt"/>
        <line num="31" count="10" type="stmt"/>
        <line num="32" count="0" type="stmt"/>
        <line num="33" count="0" type="stmt"/>
        <line num="34" count="0" type="stmt"/>
        <line num="35" count="0" type="stmt"/>
        <line num="36" count="0" type="stmt"/>
        <line num="37" count="10" type="stmt"/>
        <line num="38" count="10" type="cond" truecount="1" falsecount="0"/>
        <line num="39" count="5" type="stmt"/>
        <line num="40" count="10" type="stmt"/>
        <line num="41" count="10" type="stmt"/>
        <line num="42" count="10" type="stmt"/>
        <line num="43" count="10" type="cond" truecount="1" falsecount="0"/>
        <line num="44" count="5" type="stmt"/>
        <line num="45" count="5" type="stmt"/>
        <line num="46" count="5" type="stmt"/>
        <line num="47" count="5" type="stmt"/>
        <line num="48" count="0" type="stmt"/>
        <line num="49" count="0" type="stmt"/>
        <line num="50" count="0" type="stmt"/>
        <line num="51" count="5" type="stmt"/>
        <line num="52" count="5" type="stmt"/>
        <line num="53" count="0" type="stmt"/>
        <line num="54" count="0" type="stmt"/>
        <line num="55" count="5" type="stmt"/>
        <line num="56" count="5" type="stmt"/>
        <line num="57" count="0" type="stmt"/>
        <line num="58" count="0" type="stmt"/>
        <line num="59" count="0" type="stmt"/>
        <line num="60" count="5" type="stmt"/>
        <line num="61" count="5" type="stmt"/>
        <line num="62" count="5" type="stmt"/>
        <line num="63" count="5" type="stmt"/>
        <line num="64" count="0" type="stmt"/>
        <line num="65" count="0" type="stmt"/>
        <line num="66" count="5" type="stmt"/>
        <line num="67" count="5" type="stmt"/>
        <line num="68" count="0" type="stmt"/>
        <line num="69" count="0" type="stmt"/>
        <line num="70" count="5" type="stmt"/>
        <line num="71" count="5" type="cond" truecount="1" falsecount="0"/>
        <line num="72" count="1" type="stmt"/>
        <line num="73" count="1" type="stmt"/>
        <line num="74" count="5" type="stmt"/>
        <line num="75" count="5" type="cond" truecount="1" falsecount="0"/>
        <line num="76" count="1" type="stmt"/>
        <line num="77" count="1" type="stmt"/>
        <line num="78" count="5" type="stmt"/>
        <line num="79" count="5" type="stmt"/>
        <line num="80" count="5" type="stmt"/>
        <line num="81" count="5" type="stmt"/>
        <line num="82" count="5" type="stmt"/>
        <line num="83" count="5" type="stmt"/>
        <line num="84" count="5" type="stmt"/>
        <line num="85" count="5" type="stmt"/>
        <line num="86" count="5" type="stmt"/>
        <line num="87" count="5" type="stmt"/>
        <line num="88" count="5" type="stmt"/>
        <line num="89" count="5" type="stmt"/>
        <line num="90" count="5" type="stmt"/>
        <line num="91" count="5" type="stmt"/>
        <line num="92" count="5" type="stmt"/>
        <line num="93" count="5" type="cond" truecount="1" falsecount="0"/>
        <line num="94" count="5" type="stmt"/>
        <line num="95" count="5" type="stmt"/>
        <line num="96" count="5" type="stmt"/>
        <line num="97" count="5" type="stmt"/>
        <line num="98" count="5" type="stmt"/>
        <line num="99" count="5" type="stmt"/>
        <line num="100" count="5" type="stmt"/>
        <line num="101" count="5" type="stmt"/>
        <line num="102" count="5" type="stmt"/>
        <line num="103" count="5" type="stmt"/>
        <line num="104" count="5" type="stmt"/>
        <line num="105" count="5" type="stmt"/>
        <line num="106" count="5" type="stmt"/>
        <line num="107" count="5" type="stmt"/>
        <line num="108" count="5" type="stmt"/>
        <line num="109" count="5" type="stmt"/>
        <line num="110" count="5" type="stmt"/>
        <line num="111" count="5" type="stmt"/>
        <line num="112" count="5" type="stmt"/>
        <line num="113" count="5" type="stmt"/>
        <line num="114" count="5" type="stmt"/>
        <line num="115" count="5" type="stmt"/>
        <line num="116" count="5" type="stmt"/>
        <line num="117" count="5" type="stmt"/>
        <line num="118" count="5" type="stmt"/>
        <line num="119" count="5" type="stmt"/>
        <line num="120" count="5" type="stmt"/>
        <line num="121" count="5" type="stmt"/>
        <line num="122" count="5" type="stmt"/>
        <line num="123" count="5" type="stmt"/>
        <line num="124" count="5" type="stmt"/>
        <line num="125" count="5" type="stmt"/>
        <line num="126" count="5" type="stmt"/>
        <line num="127" count="5" type="stmt"/>
        <line num="128" count="5" type="stmt"/>
        <line num="129" count="5" type="stmt"/>
        <line num="130" count="5" type="stmt"/>
        <line num="131" count="5" type="stmt"/>
        <line num="132" count="5" type="stmt"/>
        <line num="133" count="5" type="stmt"/>
        <line num="134" count="5" type="stmt"/>
        <line num="135" count="5" type="stmt"/>
        <line num="136" count="5" type="stmt"/>
        <line num="137" count="5" type="stmt"/>
        <line num="138" count="5" type="stmt"/>
[...]
        <line num="25" count="36" type="stmt"/>
        <line num="26" count="36" type="stmt"/>
        <line num="27" count="36" type="stmt"/>
        <line num="28" count="36" type="stmt"/>
        <line num="29" count="36" type="stmt"/>
        <line num="30" count="36" type="stmt"/>
        <line num="31" count="36" type="stmt"/>
        <line num="32" count="36" type="stmt"/>
        <line num="33" count="36" type="stmt"/>
        <line num="34" count="36" type="stmt"/>
        <line num="35" count="36" type="stmt"/>
        <line num="36" count="1" type="stmt"/>
        <line num="37" count="36" type="cond" truecount="1" falsecount="0"/>
        <line num="38" count="36" type="stmt"/>
        <line num="39" count="36" type="stmt"/>
        <line num="40" count="36" type="stmt"/>
        <line num="41" count="36" type="stmt"/>
        <line num="42" count="36" type="stmt"/>
        <line num="43" count="36" type="stmt"/>
        <line num="44" count="36" type="stmt"/>
        <line num="45" count="36" type="stmt"/>
        <line num="46" count="36" type="stmt"/>
        <line num="47" count="36" type="stmt"/>
        <line num="48" count="36" type="stmt"/>
        <line num="49" count="36" type="stmt"/>
        <line num="50" count="36" type="stmt"/>
        <line num="51" count="36" type="stmt"/>
        <line num="52" count="1" type="stmt"/>
        <line num="53" count="1" type="stmt"/>
      </file>
      <file name="button.tsx" path="C:\Users\User\Downloads\VybStream3\VybStreamz\components\ui\button.tsx">
        <metrics statements="59" coveredstatements="59" conditionals="2" coveredconditionals="1" methods="1" coveredmethods="1"/>
        <line num="1" count="1" type="stmt"/>
        <line num="2" count="1" type="stmt"/>
        <line num="3" count="1" type="stmt"/>
        <line num="4" count="1" type="stmt"/>
        <line num="5" count="1" type="stmt"/>
        <line num="6" count="1" type="stmt"/>
        <line num="7" count="1" type="stmt"/>
        <line num="8" count="1" type="stmt"/>
        <line num="9" count="1" type="stmt"/>
        <line num="10" count="1" type="stmt"/>
        <line num="11" count="1" type="stmt"/>
        <line num="12" count="1" type="stmt"/>
        <line num="13" count="1" type="stmt"/>
        <line num="14" count="1" type="stmt"/>
        <line num="15" count="1" type="stmt"/>
        <line num="16" count="1" type="stmt"/>
        <line num="17" count="1" type="stmt"/>
        <line num="18" count="1" type="stmt"/>
        <line num="19" count="1" type="stmt"/>
        <line num="20" count="1" type="stmt"/>
        <line num="21" count="1" type="stmt"/>
        <line num="22" count="1" type="stmt"/>
        <line num="23" count="1" type="stmt"/>
        <line num="24" count="1" type="stmt"/>
        <line num="25" count="1" type="stmt"/>
        <line num="26" count="1" type="stmt"/>
        <line num="27" count="1" type="stmt"/>
        <line num="28" count="1" type="stmt"/>
        <line num="29" count="1" type="stmt"/>
        <line num="30" count="1" type="stmt"/>
        <line num="31" count="1" type="stmt"/>
        <line num="32" count="1" type="stmt"/>
        <line num="33" count="1" type="stmt"/>
        <line num="34" count="1" type="stmt"/>
        <line num="35" count="1" type="stmt"/>
        <line num="36" count="1" type="stmt"/>
        <line num="37" count="1" type="stmt"/>
        <line num="38" count="229" type="cond" truecount="1" falsecount="0"/>
        <line num="39" count="229" type="stmt"/>
        <line num="40" count="229" type="stmt"/>
        <line num="41" count="229" type="stmt"/>
        <line num="42" count="229" type="stmt"/>
        <line num="43" count="229" type="stmt"/>
        <line num="44" count="229" type="stmt"/>
        <line num="45" count="229" type="stmt"/>
        <line num="46" count="229" type="stmt"/>
        <line num="47" count="229" type="stmt"/>
        <line num="48" count="229" type="cond" truecount="0" falsecount="1"/>
        <line num="49" count="229" type="stmt"/>
        <line num="50" count="229" type="stmt"/>
        <line num="51" count="229" type="stmt"/>
        <line num="52" count="229" type="stmt"/>
        <line num="53" count="229" type="stmt"/>
        <line num="54" count="229" type="stmt"/>
        <line num="55" count="229" type="stmt"/>
        <line num="56" count="229" type="stmt"/>
        <line num="57" count="229" type="stmt"/>
        <line num="58" count="1" type="stmt"/>
        <line num="59" count="1" type="stmt"/>
      </file>
      <file name="checkbox.tsx" path="C:\Users\User\Downloads\VybStream3\VybStreamz\components\ui\checkbox.tsx">
        <metrics statements="32" coveredstatements="32" conditionals="1" coveredconditionals="1" methods="1" coveredmethods="1"/>
        <line num="1" count="1" type="stmt"/>
        <line num="2" count="1" type="stmt"/>
        <line num="3" count="1" type="stmt"/>
        <line num="4" count="1" type="stmt"/>
        <line num="5" count="1" type="stmt"/>
        <line num="6" count="1" type="stmt"/>
        <line num="7" count="1" type="stmt"/>
        <line num="8" count="1" type="stmt"/>
        <line num="9" count="10" type="cond" truecount="1" falsecount="0"/>
        <line num="10" count="10" type="stmt"/>
        <line num="11" count="10" type="stmt"/>
        <line num="12" count="10" type="stmt"/>
        <line num="13" count="10" type="stmt"/>
        <line num="14" count="10" type="stmt"/>
        <line num="15" count="10" type="stmt"/>
        <line num="16" count="10" type="stmt"/>
        <line num="17" count="10" type="stmt"/>
        <line num="18" count="10" type="stmt"/>
        <line num="19" count="10" type="stmt"/>
        <line num="20" count="10" type="stmt"/>
        <line num="21" count="10" type="stmt"/>
        <line num="22" count="10" type="stmt"/>
        <line num="23" count="10" type="stmt"/>
        <line num="24" count="10" type="stmt"/>
        <line num="25" count="10" type="stmt"/>
        <line num="26" count="10" type="stmt"/>
        <line num="27" count="10" type="stmt"/>
        <line num="28" count="10" type="stmt"/>
        <line num="29" count="10" type="stmt"/>
        <line num="30" count="10" type="stmt"/>
        <line num="31" count="1" type="stmt"/>
        <line num="32" count="1" type="stmt"/>
      </file>
      <file name="input.tsx" path="C:\Users\User\Downloads\VybStream3\VybStreamz\components\ui\input.tsx">
        <metrics statements="21" coveredstatements="21" conditionals="1" coveredconditionals="1" methods="1" coveredmethods="1"/>
        <line num="1" count="1" type="stmt"/>
        <line num="2" count="1" type="stmt"/>
        <line num="3" count="1" type="stmt"/>
        <line num="4" count="1" type="stmt"/>
        <line num="5" count="186" type="cond" truecount="1" falsecount="0"/>
        <line num="6" count="186" type="stmt"/>
        <line num="7" count="186" type="stmt"/>
        <line num="8" count="186" type="stmt"/>
        <line num="9" count="186" type="stmt"/>
        <line num="10" count="186" type="stmt"/>
        <line num="11" count="186" type="stmt"/>
        <line num="12" count="186" type="stmt"/>
        <line num="13" count="186" type="stmt"/>
        <line num="14" count="186" type="stmt"/>
        <line num="15" count="186" type="stmt"/>
        <line num="16" count="186" type="stmt"/>
        <line num="17" count="186" type="stmt"/>
        <line num="18" count="186" type="stmt"/>
        <line num="19" count="186" type="stmt"/>
        <line num="20" count="1" type="stmt"/>
        <line num="21" count="1" type="stmt"/>
      </file>
      <file name="label.tsx" path="C:\Users\User\Downloads\VybStream3\VybStreamz\components\ui\label.tsx">
        <metrics statements="24" coveredstatements="24" conditionals="1" coveredconditionals="1" methods="1" coveredmethods="1"/>
        <line num="1" count="1" type="stmt"/>
        <line num="2" count="1" type="stmt"/>
        <line num="3" count="1" type="stmt"/>
        <line num="4" count="1" type="stmt"/>
        <line num="5" count="1" type="stmt"/>
        <line num="6" count="1" type="stmt"/>
        <line num="7" count="1" type="stmt"/>
        <line num="8" count="22" type="cond" truecount="1" falsecount="0"/>
        <line num="9" count="22" type="stmt"/>
        <line num="10" count="22" type="stmt"/>
        <line num="11" count="22" type="stmt"/>
        <line num="12" count="22" type="stmt"/>
        <line num="13" count="22" type="stmt"/>
        <line num="14" count="22" type="stmt"/>
        <line num="15" count="22" type="stmt"/>
        <line num="16" count="22" type="stmt"/>
        <line num="17" count="22" type="stmt"/>
        <line num="18" count="22" type="stmt"/>
        <line num="19" count="22" type="stmt"/>
        <line num="20" count="22" type="stmt"/>
        <line num="21" count="22" type="stmt"/>
        <line num="22" count="22" type="stmt"/>
        <line num="23" count="1" type="stmt"/>
        <line num="24" count="1" type="stmt"/>
      </file>
    </package>
    <package name="hooks">
      <metrics statements="5" coveredstatements="5" conditionals="0" coveredconditionals="0" methods="1" coveredmethods="0"/>
      <file name="redux.ts" path="C:\Users\User\Downloads\VybStream3\VybStreamz\hooks\redux.ts">
        <metrics statements="5" coveredstatements="5" conditionals="0" coveredconditionals="0" methods="1" coveredmethods="0"/>
        <line num="1" count="1" type="stmt"/>
        <line num="2" count="1" type="stmt"/>
        <line num="3" count="1" type="stmt"/>
        <line num="4" count="1" type="stmt"/>
        <line num="5" count="1" type="stmt"/>
      </file>
    </package>
    <package name="lib">
      <metrics statements="6" coveredstatements="6" conditionals="1" coveredconditionals="1" methods="1" coveredmethods="1"/>
      <file name="utils.ts" path="C:\Users\User\Downloads\VybStream3\VybStreamz\lib\utils.ts">
        <metrics statements="6" coveredstatements="6" conditionals="1" coveredconditionals="1" methods="1" coveredmethods="1"/>
        <line num="1" count="1" type="stmt"/>
        <line num="2" count="1" type="stmt"/>
        <line num="3" count="1" type="stmt"/>
        <line num="4" count="1" type="cond" truecount="1" falsecount="0"/>
        <line num="5" count="555" type="stmt"/>
        <line num="6" count="555" type="stmt"/>
      </file>
    </package>
    <package name="lib.context">
      <metrics statements="149" coveredstatements="40" conditionals="0" coveredconditionals="0" methods="5" coveredmethods="0"/>
      <file name="AuthContext.tsx" path="C:\Users\User\Downloads\VybStream3\VybStreamz\lib\context\AuthContext.tsx">
        <metrics statements="32" coveredstatements="15" conditionals="0" coveredconditionals="0" methods="2" coveredmethods="0"/>
        <line num="1" count="1" type="stmt"/>
        <line num="2" count="1" type="stmt"/>
        <line num="3" count="1" type="stmt"/>
        <line num="4" count="1" type="stmt"/>
        <line num="5" count="1" type="stmt"/>
        <line num="6" count="1" type="stmt"/>
        <line num="7" count="1" type="stmt"/>
        <line num="8" count="1" type="stmt"/>
        <line num="9" count="1" type="stmt"/>
        <line num="10" count="1" type="stmt"/>
        <line num="11" count="1" type="stmt"/>
        <line num="12" count="1" type="stmt"/>
        <line num="13" count="1" type="stmt"/>
        <line num="14" count="0" type="stmt"/>
        <line num="15" count="0" type="stmt"/>
        <line num="16" count="0" type="stmt"/>
        <line num="17" count="0" type="stmt"/>
        <line num="18" count="0" type="stmt"/>
        <line num="19" count="0" type="stmt"/>
        <line num="20" count="0" type="stmt"/>
        <line num="21" count="0" type="stmt"/>
        <line num="22" count="0" type="stmt"/>
        <line num="23" count="0" type="stmt"/>
        <line num="24" count="0" type="stmt"/>
        <line num="25" count="1" type="stmt"/>
        <line num="26" count="1" type="stmt"/>
        <line num="27" count="0" type="stmt"/>
        <line num="28" count="0" type="stmt"/>
        <line num="29" count="0" type="stmt"/>
        <line num="30" count="0" type="stmt"/>
        <line num="31" count="0" type="stmt"/>
        <line num="32" count="0" type="stmt"/>
      </file>
      <file name="ThemeContext.tsx" path="C:\Users\User\Downloads\VybStream3\VybStreamz\lib\context\ThemeContext.tsx">
        <metrics statements="117" coveredstatements="25" conditionals="0" coveredconditionals="0" methods="3" coveredmethods="0"/>
        <line num="1" count="1" type="stmt"/>
        <line num="2" count="1" type="stmt"/>
        <line num="3" count="1" type="stmt"/>
        <line num="4" count="1" type="stmt"/>
        <line num="5" count="1" type="stmt"/>
        <line num="6" count="1" type="stmt"/>
        <line num="7" count="1" type="stmt"/>
        <line num="8" count="1" type="stmt"/>
        <line num="9" count="1" type="stmt"/>
        <line num="10" count="1" type="stmt"/>
        <line num="11" count="1" type="stmt"/>
        <line num="12" count="1" type="stmt"/>
        <line num="13" count="1" type="stmt"/>
        <line num="14" count="1" type="stmt"/>
        <line num="15" count="1" type="stmt"/>
        <line num="16" count="1" type="stmt"/>
        <line num="17" count="1" type="stmt"/>
        <line num="18" count="1" type="stmt"/>
        <line num="19" count="1" type="stmt"/>
        <line num="20" count="0" type="stmt"/>
        <line num="21" count="0" type="stmt"/>
        <line num="22" count="0" type="stmt"/>
        <line num="23" count="0" type="stmt"/>
        <line num="24" count="0" type="stmt"/>
        <line num="25" count="0" type="stmt"/>
        <line num="26" count="0" type="stmt"/>
        <line num="27" count="0" type="stmt"/>
        <line num="28" count="0" type="stmt"/>
        <line num="29" count="0" type="stmt"/>
        <line num="30" count="0" type="stmt"/>
        <line num="31" count="0" type="stmt"/>
        <line num="32" count="0" type="stmt"/>
        <line num="33" count="0" type="stmt"/>
        <line num="34" count="0" type="stmt"/>
        <line num="35" count="0" type="stmt"/>
        <line num="36" count="0" type="stmt"/>
        <line num="37" count="0" type="stmt"/>
        <line num="38" count="0" type="stmt"/>
        <line num="39" count="0" type="stmt"/>
        <line num="40" count="0" type="stmt"/>
        <line num="41" count="0" type="stmt"/>
        <line num="42" count="0" type="stmt"/>
        <line num="43" count="0" type="stmt"/>
        <line num="44" count="0" type="stmt"/>
        <line num="45" count="0" type="stmt"/>
        <line num="46" count="0" type="stmt"/>
        <line num="47" count="0" type="stmt"/>
        <line num="48" count="0" type="stmt"/>
        <line num="49" count="0" type="stmt"/>
        <line num="50" count="0" type="stmt"/>
        <line num="51" count="0" type="stmt"/>
        <line num="52" count="0" type="stmt"/>
        <line num="53" count="0" type="stmt"/>
        <line num="54" count="0" type="stmt"/>
        <line num="55" count="0" type="stmt"/>
        <line num="56" count="0" type="stmt"/>
        <line num="57" count="0" type="stmt"/>
        <line num="58" count="0" type="stmt"/>
        <line num="59" count="0" type="stmt"/>
        <line num="60" count="0" type="stmt"/>
        <line num="61" count="0" type="stmt"/>
        <line num="62" count="0" type="stmt"/>
        <line num="63" count="0" type="stmt"/>
        <line num="64" count="0" type="stmt"/>
        <line num="65" count="0" type="stmt"/>
        <line num="66" count="0" type="stmt"/>
        <line num="67" count="0" type="stmt"/>
        <line num="68" count="0" type="stmt"/>
        <line num="69" count="0" type="stmt"/>
        <line num="70" count="0" type="stmt"/>
        <line num="71" count="0" type="stmt"/>
        <line num="72" count="0" type="stmt"/>
        <line num="73" count="0" type="stmt"/>
        <line num="74" count="0" type="stmt"/>
        <line num="75" count="0" type="stmt"/>
        <line num="76" count="0" type="stmt"/>
        <line num="77" count="0" type="stmt"/>
        <line num="78" count="0" type="stmt"/>
        <line num="79" count="0" type="stmt"/>
        <line num="80" count="0" type="stmt"/>
        <line num="81" count="0" type="stmt"/>
        <line num="82" count="0" type="stmt"/>
        <line num="83" count="0" type="stmt"/>
        <line num="84" count="0" type="stmt"/>
        <line num="85" count="0" type="stmt"/>
        <line num="86" count="0" type="stmt"/>
        <line num="87" count="0" type="stmt"/>
        <line num="88" count="0" type="stmt"/>
        <line num="89" count="0" type="stmt"/>
        <line num="90" count="0" type="stmt"/>
        <line num="91" count="0" type="stmt"/>
        <line num="92" count="0" type="stmt"/>
        <line num="93" count="0" type="stmt"/>
        <line num="94" count="0" type="stmt"/>
        <line num="95" count="1" type="stmt"/>
        <line num="96" count="1" type="stmt"/>
        <line num="97" count="1" type="stmt"/>
        <line num="98" count="0" type="stmt"/>
        <line num="99" count="0" type="stmt"/>
        <line num="100" count="0" type="stmt"/>
        <line num="101" count="0" type="stmt"/>
        <line num="102" count="0" type="stmt"/>
        <line num="103" count="0" type="stmt"/>
        <line num="104" count="1" type="stmt"/>
        <line num="105" count="1" type="stmt"/>
        <line num="106" count="1" type="stmt"/>
        <line num="107" count="0" type="stmt"/>
        <line num="108" count="0" type="stmt"/>
        <line num="109" count="0" type="stmt"/>
        <line num="110" count="0" type="stmt"/>
        <line num="111" count="0" type="stmt"/>
        <line num="112" count="0" type="stmt"/>
        <line num="113" count="0" type="stmt"/>
        <line num="114" count="0" type="stmt"/>
        <line num="115" count="0" type="stmt"/>
        <line num="116" count="0" type="stmt"/>
        <line num="117" count="0" type="stmt"/>
      </file>
    </package>
    <package name="store.slices">
      <metrics statements="29" coveredstatements="25" conditionals="0" coveredconditionals="0" methods="2" coveredmethods="0"/>
      <file name="themeSlice.ts" path="C:\Users\User\Downloads\VybStream3\VybStreamz\store\slices\themeSlice.ts">
        <metrics statements="29" coveredstatements="25" conditionals="0" coveredconditionals="0" methods="2" coveredmethods="0"/>
        <line num="1" count="1" type="stmt"/>
        <line num="2" count="1" type="stmt"/>
        <line num="3" count="1" type="stmt"/>
        <line num="4" count="1" type="stmt"/>
        <line num="5" count="1" type="stmt"/>
        <line num="6" count="1" type="stmt"/>
        <line num="7" count="1" type="stmt"/>
        <line num="8" count="1" type="stmt"/>
        <line num="9" count="1" type="stmt"/>
        <line num="10" count="1" type="stmt"/>
        <line num="11" count="1" type="stmt"/>
        <line num="12" count="1" type="stmt"/>
        <line num="13" count="1" type="stmt"/>
        <line num="14" count="1" type="stmt"/>
        <line num="15" count="1" type="stmt"/>
        <line num="16" count="1" type="stmt"/>
        <line num="17" count="1" type="stmt"/>
        <line num="18" count="1" type="stmt"/>
        <line num="19" count="1" type="stmt"/>
        <line num="20" count="0" type="stmt"/>
        <line num="21" count="0" type="stmt"/>
        <line num="22" count="1" type="stmt"/>
        <line num="23" count="0" type="stmt"/>
        <line num="24" count="0" type="stmt"/>
        <line num="25" count="1" type="stmt"/>
        <line num="26" count="1" type="stmt"/>
        <line num="27" count="1" type="stmt"/>
        <line num="28" count="1" type="stmt"/>
        <line num="29" count="1" type="stmt"/>
      </file>
    </package>
  </project>
</coverage>
