{"C:\\xampp\\htdocs\\VybStreamz\\components\\ui\\button.tsx": {"path":"C:\\xampp\\htdocs\\VybStreamz\\components\\ui\\button.tsx","statementMap":{"0":{"start":{"line":59,"column":9},"end":{"line":59,"column":15}},"1":{"start":{"line":59,"column":17},"end":{"line":59,"column":31}},"2":{"start":{"line":1,"column":23},"end":{"line":1,"column":null}},"3":{"start":{"line":2,"column":21},"end":{"line":2,"column":null}},"4":{"start":{"line":3,"column":39},"end":{"line":3,"column":null}},"5":{"start":{"line":5,"column":19},"end":{"line":5,"column":null}},"6":{"start":{"line":7,"column":23},"end":{"line":35,"column":null}},"7":{"start":{"line":48,"column":15},"end":{"line":48,"column":null}}},"fnMap":{"0":{"name":"Button","decl":{"start":{"line":38,"column":9},"end":{"line":38,"column":16}},"loc":{"start":{"line":47,"column":3},"end":{"line":57,"column":null}}}},"branchMap":{"0":{"loc":{"start":{"line":42,"column":2},"end":{"line":42,"column":17}},"type":"default-arg","locations":[{"start":{"line":42,"column":12},"end":{"line":42,"column":17}}]},"1":{"loc":{"start":{"line":48,"column":15},"end":{"line":48,"column":null}},"type":"cond-expr","locations":[{"start":{"line":48,"column":25},"end":{"line":48,"column":29}},{"start":{"line":48,"column":32},"end":{"line":48,"column":null}}]}},"s":{"0":2,"1":0,"2":1,"3":1,"4":1,"5":1,"6":1,"7":2},"f":{"0":2},"b":{"0":[2],"1":[0,2]}}
,"C:\\xampp\\htdocs\\VybStreamz\\lib\\utils.ts": {"path":"C:\\xampp\\htdocs\\VybStreamz\\lib\\utils.ts","statementMap":{"0":{"start":{"line":4,"column":16},"end":{"line":4,"column":19}},"1":{"start":{"line":1,"column":38},"end":{"line":1,"column":null}},"2":{"start":{"line":2,"column":24},"end":{"line":2,"column":null}},"3":{"start":{"line":5,"column":2},"end":{"line":5,"column":null}}},"fnMap":{"0":{"name":"cn","decl":{"start":{"line":4,"column":16},"end":{"line":4,"column":19}},"loc":{"start":{"line":4,"column":42},"end":{"line":6,"column":null}}}},"branchMap":{},"s":{"0":2,"1":1,"2":1,"3":2},"f":{"0":2},"b":{}}
}
