TN:
SF:app\createAccount\page.tsx
FN:13,CreateAccountPage
FN:31,handleSubmit
FN:47,handleLogin
FN:52,handleCreateAccount
FN:56,handleConfirmNext
FN:61,handleCancel
FN:65,handleLoginPage
FN:69,GoToHome
FN:87,onClick
FN:92,onClick
FN:148,onChange
FNF:11
FNH:4
FNDA:17,CreateAccountPage
FNDA:0,handleSubmit
FNDA:0,handleLogin
FNDA:2,handleCreateAccount
FNDA:0,handleConfirmNext
FNDA:1,handleCancel
FNDA:1,handleLoginPage
FNDA:0,GoToHome
FNDA:0,onClick
FNDA:0,onClick
FNDA:0,onChange
DA:1,1
DA:2,1
DA:3,1
DA:4,1
DA:5,1
DA:6,1
DA:7,1
DA:8,1
DA:9,1
DA:10,1
DA:11,1
DA:12,1
DA:13,1
DA:14,17
DA:15,17
DA:16,17
DA:17,17
DA:18,17
DA:19,17
DA:20,17
DA:21,17
DA:22,17
DA:23,17
DA:24,17
DA:25,17
DA:26,17
DA:27,17
DA:28,17
DA:29,17
DA:30,17
DA:31,17
DA:32,0
DA:33,0
DA:34,0
DA:35,0
DA:36,0
DA:37,17
DA:38,17
DA:39,7
DA:40,17
DA:41,17
DA:42,17
DA:43,17
DA:44,7
DA:45,7
DA:46,10
DA:47,10
DA:48,0
DA:49,0
DA:50,0
DA:51,10
DA:52,10
DA:53,2
DA:54,2
DA:55,10
DA:56,10
DA:57,0
DA:58,0
DA:59,0
DA:60,10
DA:61,10
DA:62,1
DA:63,1
DA:64,10
DA:65,10
DA:66,1
DA:67,1
DA:68,10
DA:69,10
DA:70,0
DA:71,0
DA:72,10
DA:73,10
DA:74,10
DA:75,10
DA:76,10
DA:77,10
DA:78,10
DA:79,10
DA:80,10
DA:81,10
DA:82,10
DA:83,10
DA:84,10
DA:85,10
DA:86,10
DA:87,10
DA:88,10
DA:89,10
DA:90,10
DA:91,10
DA:92,10
DA:93,10
DA:94,10
DA:95,10
DA:96,10
DA:97,10
DA:98,10
DA:99,10
DA:100,10
DA:101,10
DA:102,10
DA:103,10
DA:104,10
DA:105,10
DA:106,10
DA:107,10
DA:108,10
DA:109,10
DA:110,10
DA:111,10
DA:112,10
DA:113,10
DA:114,10
DA:115,10
DA:116,10
DA:117,10
DA:118,10
DA:119,10
DA:120,10
DA:121,10
DA:122,10
DA:123,10
DA:124,10
DA:125,10
DA:126,10
DA:127,10
DA:128,10
DA:129,10
DA:130,10
DA:131,10
DA:132,10
DA:133,10
DA:134,10
DA:135,10
DA:136,10
DA:137,10
DA:138,10
DA:139,10
DA:140,10
DA:141,10
DA:142,10
DA:143,10
DA:144,10
DA:145,10
DA:146,10
DA:147,10
DA:148,10
DA:149,10
DA:150,10
DA:151,10
DA:152,10
DA:153,10
DA:154,10
DA:155,10
DA:156,10
DA:157,10
DA:158,17
DA:159,17
DA:160,17
DA:161,17
DA:162,17
DA:163,17
DA:164,17
DA:165,17
DA:166,17
DA:167,17
DA:168,17
DA:169,17
DA:170,17
DA:171,17
DA:172,17
DA:173,17
DA:174,17
DA:175,17
DA:176,17
DA:177,17
DA:178,17
DA:179,17
DA:180,17
DA:181,17
DA:182,17
DA:183,17
DA:184,17
DA:185,17
DA:186,17
DA:187,17
DA:188,17
DA:189,17
DA:190,17
DA:191,17
DA:192,17
DA:193,17
DA:194,17
DA:195,17
DA:196,17
DA:197,17
DA:198,17
DA:199,17
DA:200,17
DA:201,17
DA:202,17
DA:203,17
DA:204,17
DA:205,17
DA:206,17
DA:207,17
DA:208,17
DA:209,17
DA:210,17
DA:211,17
DA:212,17
DA:213,17
DA:214,17
DA:215,17
DA:216,17
DA:217,17
DA:218,17
DA:219,17
DA:220,17
DA:221,17
DA:222,17
DA:223,17
DA:224,17
DA:225,17
DA:226,17
DA:227,17
DA:228,17
DA:229,17
DA:230,17
DA:231,17
DA:232,17
DA:233,17
DA:234,17
DA:235,17
DA:236,17
DA:237,17
DA:238,17
DA:239,17
DA:240,17
DA:241,17
DA:242,17
DA:243,17
DA:244,17
DA:245,17
DA:246,17
DA:247,17
DA:248,17
DA:249,17
DA:250,17
DA:251,17
DA:252,17
DA:253,17
DA:254,17
DA:255,17
DA:256,17
DA:257,17
DA:258,17
DA:259,17
DA:260,17
DA:261,17
DA:262,17
DA:263,17
DA:264,17
DA:265,17
DA:266,17
DA:267,17
DA:268,17
DA:269,17
DA:270,17
DA:271,17
DA:272,17
DA:273,17
DA:274,17
DA:275,17
DA:276,17
DA:277,17
DA:278,17
DA:279,17
DA:280,17
DA:281,17
DA:282,17
DA:283,17
DA:284,17
DA:285,17
DA:286,17
DA:287,17
DA:288,17
DA:289,17
LF:289
LH:276
BRDA:13,0,0,17
BRDA:29,1,0,0
BRDA:29,2,0,0
BRDA:29,3,0,0
BRDA:43,4,0,7
BRDA:45,5,0,10
BRDA:158,6,0,0
BRDA:158,7,0,10
BRDA:167,8,0,0
BRDA:167,9,0,10
BRDA:176,10,0,0
BRDA:176,11,0,10
BRDA:185,12,0,0
BRDA:185,13,0,10
BRDA:38,14,0,7
BRDA:52,15,0,2
BRDA:61,16,0,1
BRDA:65,17,0,1
BRF:18
BRH:11
end_of_record
TN:
SF:app\login\page.tsx
FN:15,LoginForm
FN:22,handleBackToCreate
FN:26,handleSuccessLogin
FN:31,handleForgotPassword
FN:35,GoToHome
FN:53,onClick
FN:58,onClick
FN:93,onChange
FN:112,onClick
FNF:9
FNH:4
FNDA:8,LoginForm
FNDA:1,handleBackToCreate
FNDA:1,handleSuccessLogin
FNDA:1,handleForgotPassword
FNDA:0,GoToHome
FNDA:0,onClick
FNDA:0,onClick
FNDA:0,onChange
FNDA:0,onClick
DA:1,1
DA:2,1
DA:3,1
DA:4,1
DA:5,1
DA:6,1
DA:7,1
DA:8,1
DA:9,1
DA:10,1
DA:11,1
DA:12,1
DA:13,1
DA:14,1
DA:15,1
DA:16,8
DA:17,8
DA:18,8
DA:19,8
DA:20,8
DA:21,8
DA:22,8
DA:23,1
DA:24,1
DA:25,8
DA:26,8
DA:27,1
DA:28,1
DA:29,1
DA:30,8
DA:31,8
DA:32,1
DA:33,1
DA:34,8
DA:35,8
DA:36,0
DA:37,0
DA:38,8
DA:39,8
DA:40,8
DA:41,8
DA:42,8
DA:43,8
DA:44,8
DA:45,8
DA:46,8
DA:47,8
DA:48,8
DA:49,8
DA:50,8
DA:51,8
DA:52,8
DA:53,8
DA:54,8
DA:55,8
DA:56,8
DA:57,8
DA:58,8
DA:59,8
DA:60,8
DA:61,8
DA:62,8
DA:63,8
DA:64,8
DA:65,8
DA:66,8
DA:67,8
DA:68,8
DA:69,8
DA:70,8
DA:71,8
DA:72,8
DA:73,8
DA:74,8
DA:75,8
DA:76,8
DA:77,8
DA:78,8
DA:79,8
DA:80,8
DA:81,8
DA:82,8
DA:83,8
DA:84,8
DA:85,8
DA:86,8
DA:87,8
DA:88,8
DA:89,8
DA:90,8
DA:91,8
DA:92,8
DA:93,8
DA:94,8
DA:95,8
DA:96,8
DA:97,8
DA:98,8
DA:99,8
DA:100,8
DA:101,8
DA:102,8
DA:103,8
DA:104,8
DA:105,8
DA:106,8
DA:107,8
DA:108,8
DA:109,8
DA:110,8
DA:111,8
DA:112,8
DA:113,8
DA:114,8
DA:115,8
DA:116,8
DA:117,8
DA:118,8
DA:119,8
DA:120,8
DA:121,8
DA:122,8
DA:123,8
DA:124,8
DA:125,8
DA:126,8
DA:127,8
DA:128,8
DA:129,8
DA:130,8
DA:131,8
DA:132,8
DA:133,8
DA:134,8
DA:135,8
DA:136,8
DA:137,8
DA:138,8
DA:139,8
DA:140,8
DA:141,8
DA:142,8
DA:143,8
DA:144,8
DA:145,8
DA:146,8
DA:147,8
DA:148,8
DA:149,8
DA:150,8
DA:151,8
DA:152,8
DA:153,8
DA:154,8
DA:155,8
DA:156,8
DA:157,8
DA:158,8
DA:159,8
DA:160,8
DA:161,8
DA:162,8
DA:163,8
DA:164,8
DA:165,8
LF:165
LH:163
BRDA:15,0,0,8
BRDA:106,1,0,0
BRDA:115,2,0,0
BRDA:22,3,0,1
BRDA:26,4,0,1
BRDA:31,5,0,1
BRF:6
BRH:4
end_of_record
TN:
SF:app\otp\page.tsx
FN:12,VerifyEmail
FN:16,handleInputChange
FN:30,handleKeyDown
FN:36,handleVerify
FN:40,GoToHome
FN:62,onClick
FN:67,onClick
FNF:7
FNH:2
FNDA:6,VerifyEmail
FNDA:0,handleInputChange
FNDA:0,handleKeyDown
FNDA:1,handleVerify
FNDA:0,GoToHome
FNDA:0,onClick
FNDA:0,onClick
DA:1,1
DA:2,1
DA:3,1
DA:4,1
DA:5,1
DA:6,1
DA:7,1
DA:8,1
DA:9,1
DA:10,1
DA:11,1
DA:12,1
DA:13,6
DA:14,6
DA:15,6
DA:16,6
DA:17,0
DA:18,0
DA:19,0
DA:20,0
DA:21,0
DA:22,0
DA:23,0
DA:24,0
DA:25,0
DA:26,0
DA:27,0
DA:28,0
DA:29,6
DA:30,6
DA:31,0
DA:32,0
DA:33,0
DA:34,0
DA:35,0
DA:36,6
DA:37,1
DA:38,1
DA:39,6
DA:40,6
DA:41,0
DA:42,0
DA:43,6
DA:44,6
DA:45,6
DA:46,6
DA:47,6
DA:48,6
DA:49,6
DA:50,6
DA:51,6
DA:52,6
DA:53,6
DA:54,6
DA:55,6
DA:56,6
DA:57,6
DA:58,6
DA:59,6
DA:60,6
DA:61,6
DA:62,6
DA:63,6
DA:64,6
DA:65,6
DA:66,6
DA:67,6
DA:68,6
DA:69,6
DA:70,6
DA:71,6
DA:72,6
DA:73,6
DA:74,6
DA:75,6
DA:76,6
DA:77,6
DA:78,6
DA:79,6
DA:80,6
DA:81,6
DA:82,6
DA:83,6
DA:84,6
DA:85,6
DA:86,6
DA:87,6
DA:88,6
DA:89,6
DA:90,6
DA:91,6
DA:92,6
DA:93,6
DA:94,6
DA:95,6
DA:96,6
DA:97,6
DA:98,6
DA:99,6
DA:100,6
DA:101,6
DA:102,6
DA:103,6
DA:104,6
DA:105,6
DA:106,6
DA:107,6
DA:108,6
DA:109,6
DA:110,6
DA:111,6
DA:112,6
DA:113,6
DA:114,6
DA:115,6
DA:116,6
DA:117,6
DA:118,6
DA:119,6
DA:120,6
DA:121,6
LF:121
LH:102
BRDA:12,0,0,6
BRDA:36,1,0,1
BRF:2
BRH:2
end_of_record
TN:
SF:app\parts\sidebar.tsx
FN:22,Sidebar
FN:31,handleLogoutClick
FN:36,handleLogout
FN:42,handleCancelLogout
FNF:4
FNH:4
FNDA:8,Sidebar
FNDA:3,handleLogoutClick
FNDA:1,handleLogout
FNDA:1,handleCancelLogout
DA:1,1
DA:2,1
DA:3,1
DA:4,1
DA:5,1
DA:6,1
DA:7,1
DA:8,1
DA:9,1
DA:10,1
DA:11,1
DA:12,1
DA:13,1
DA:14,1
DA:15,1
DA:16,1
DA:17,1
DA:18,1
DA:19,1
DA:20,1
DA:21,1
DA:22,1
DA:23,8
DA:24,8
DA:25,8
DA:26,8
DA:27,8
DA:28,8
DA:29,8
DA:30,8
DA:31,8
DA:32,3
DA:33,3
DA:34,3
DA:35,8
DA:36,8
DA:37,1
DA:38,1
DA:39,1
DA:40,1
DA:41,8
DA:42,8
DA:43,1
DA:44,1
DA:45,8
DA:46,8
DA:47,8
DA:48,8
DA:49,8
DA:50,8
DA:51,8
DA:52,8
DA:53,8
DA:54,8
DA:55,8
DA:56,8
DA:57,8
DA:58,8
DA:59,8
DA:60,8
DA:61,8
DA:62,8
DA:63,8
DA:64,8
DA:65,8
DA:66,8
DA:67,8
DA:68,8
DA:69,8
DA:70,8
DA:71,8
DA:72,64
DA:73,64
DA:74,64
DA:75,8
DA:76,8
DA:77,8
DA:78,8
DA:79,8
DA:80,8
DA:81,8
DA:82,8
DA:83,8
DA:84,8
DA:85,8
DA:86,8
DA:87,8
DA:88,8
DA:89,8
DA:90,8
DA:91,8
DA:92,8
DA:93,8
DA:94,8
DA:95,8
DA:96,8
DA:97,8
DA:98,8
DA:99,8
DA:100,8
DA:101,8
DA:102,8
DA:103,8
DA:104,8
DA:105,8
DA:106,8
DA:107,8
DA:108,8
DA:109,8
DA:110,8
DA:111,64
DA:112,64
DA:113,64
DA:114,8
DA:115,8
DA:116,8
DA:117,8
DA:118,8
DA:119,8
DA:120,8
DA:121,8
DA:122,8
DA:123,8
DA:124,8
DA:125,8
DA:126,8
DA:127,8
DA:128,8
DA:129,8
DA:130,8
DA:131,8
DA:132,8
DA:133,8
DA:134,8
DA:135,8
DA:136,8
DA:137,8
DA:138,8
DA:139,8
DA:140,8
DA:141,8
DA:142,8
DA:143,8
DA:144,8
DA:145,8
DA:146,8
DA:147,8
DA:148,8
DA:149,8
DA:150,8
DA:151,8
DA:152,8
DA:153,8
DA:154,8
DA:155,8
DA:156,8
DA:157,8
DA:158,8
DA:159,8
DA:160,8
DA:161,8
DA:162,8
DA:163,8
DA:164,8
DA:165,8
DA:166,8
DA:167,8
DA:168,8
DA:169,8
DA:170,8
DA:171,8
LF:171
LH:171
BRDA:22,0,0,8
BRDA:31,1,0,3
BRDA:36,2,0,1
BRDA:42,3,0,1
BRDA:71,4,0,64
BRDA:75,5,0,8
BRDA:75,6,0,56
BRDA:78,7,0,8
BRDA:78,8,0,56
BRDA:79,9,0,8
BRDA:79,10,0,56
BRDA:110,11,0,64
BRDA:114,12,0,8
BRDA:114,13,0,56
BRDA:117,14,0,8
BRDA:117,15,0,56
BRDA:118,16,0,8
BRDA:118,17,0,56
BRF:18
BRH:18
end_of_record
TN:
SF:app\passwordReset\page.tsx
FN:13,PasswordResetForm
FN:27,handleSubmit
FN:34,handleHomeRoute
FN:39,GoToHome
FN:61,onClick
FN:66,onClick
FN:92,onChange
FN:106,onChange
FNF:8
FNH:5
FNDA:36,PasswordResetForm
FNDA:1,handleSubmit
FNDA:1,handleHomeRoute
FNDA:0,GoToHome
FNDA:0,onClick
FNDA:0,onClick
FNDA:19,onChange
FNDA:11,onChange
DA:1,1
DA:2,1
DA:3,1
DA:4,1
DA:5,1
DA:6,1
DA:7,1
DA:8,1
DA:9,1
DA:10,1
DA:11,1
DA:12,1
DA:13,1
DA:14,36
DA:15,36
DA:16,36
DA:17,36
DA:18,36
DA:19,36
DA:20,36
DA:21,36
DA:22,36
DA:23,36
DA:24,36
DA:25,36
DA:26,36
DA:27,36
DA:28,1
DA:29,1
DA:30,1
DA:31,1
DA:32,1
DA:33,36
DA:34,36
DA:35,1
DA:36,1
DA:37,1
DA:38,36
DA:39,36
DA:40,0
DA:41,0
DA:42,36
DA:43,36
DA:44,36
DA:45,36
DA:46,36
DA:47,36
DA:48,36
DA:49,36
DA:50,36
DA:51,36
DA:52,36
DA:53,36
DA:54,36
DA:55,36
DA:56,36
DA:57,36
DA:58,36
DA:59,36
DA:60,36
DA:61,36
DA:62,36
DA:63,36
DA:64,36
DA:65,36
DA:66,36
DA:67,36
DA:68,36
DA:69,36
DA:70,36
DA:71,36
DA:72,36
DA:73,36
DA:74,36
DA:75,36
DA:76,36
DA:77,36
DA:78,36
DA:79,36
DA:80,36
DA:81,36
DA:82,36
DA:83,36
DA:84,36
DA:85,36
DA:86,36
DA:87,36
DA:88,36
DA:89,36
DA:90,36
DA:91,36
DA:92,36
DA:93,36
DA:94,36
DA:95,36
DA:96,36
DA:97,36
DA:98,36
DA:99,36
DA:100,36
DA:101,36
DA:102,36
DA:103,36
DA:104,36
DA:105,36
DA:106,36
DA:107,36
DA:108,36
DA:109,36
DA:110,36
DA:111,36
DA:112,36
DA:113,36
DA:114,36
DA:115,36
DA:116,36
DA:117,36
DA:118,36
DA:119,36
DA:120,36
DA:121,36
DA:122,36
DA:123,36
DA:124,36
DA:125,36
DA:126,36
DA:127,36
DA:128,36
DA:129,36
DA:130,36
DA:131,36
DA:132,36
DA:133,36
DA:134,36
DA:135,36
DA:136,36
DA:137,36
DA:138,36
DA:139,36
DA:140,36
DA:141,36
DA:142,36
DA:143,36
DA:144,36
DA:145,36
DA:146,36
DA:147,36
DA:148,36
DA:149,36
DA:150,36
DA:151,36
DA:152,36
DA:153,36
DA:154,36
DA:155,36
DA:156,36
DA:157,36
DA:158,36
DA:159,36
DA:160,36
DA:161,36
DA:162,36
DA:163,36
DA:164,36
DA:165,36
DA:166,36
DA:167,36
DA:168,36
DA:169,36
DA:170,36
LF:170
LH:168
BRDA:13,0,0,36
BRDA:25,1,0,16
BRDA:25,2,0,16
BRDA:25,3,0,13
BRDA:117,4,0,16
BRDA:117,5,0,20
BRDA:126,6,0,30
BRDA:126,7,0,6
BRDA:135,8,0,14
BRDA:135,9,0,22
BRDA:144,10,0,16
BRDA:144,11,0,20
BRDA:27,12,0,1
BRDA:34,13,0,1
BRDA:92,14,0,19
BRDA:106,15,0,11
BRF:16
BRH:16
end_of_record
TN:
SF:app\payment\page.tsx
FN:15,HomePage
FN:88,onHandleClick
FN:92,onPayClick
FN:96,handleVerify
FN:100,handleExplore
FN:104,handleGoToSubscriptions
FN:108,handleResend
FN:112,getLogoSrc
FN:131,onAddMoreClick
FN:164,onClick
FN:199,onClick
FN:216,onClick
FN:285,onClick
FN:323,onClick
FN:329,onClick
FN:356,onClick
FN:362,onClick
FNF:17
FNH:12
FNDA:14,HomePage
FNDA:0,onHandleClick
FNDA:5,onPayClick
FNDA:3,handleVerify
FNDA:1,handleExplore
FNDA:1,handleGoToSubscriptions
FNDA:1,handleResend
FNDA:42,getLogoSrc
FNDA:0,onAddMoreClick
FNDA:0,onClick
FNDA:5,onClick
FNDA:0,onClick
FNDA:0,onClick
FNDA:3,onClick
FNDA:1,onClick
FNDA:1,onClick
FNDA:1,onClick
DA:1,1
DA:2,1
DA:3,1
DA:4,1
DA:5,1
DA:6,1
DA:7,1
DA:8,1
DA:9,1
DA:10,1
DA:11,1
DA:12,1
DA:13,1
DA:14,1
DA:15,1
DA:16,14
DA:17,14
DA:18,14
DA:19,14
DA:20,14
DA:21,14
DA:22,14
DA:23,14
DA:24,14
DA:25,14
DA:26,14
DA:27,14
DA:28,14
DA:29,14
DA:30,14
DA:31,14
DA:32,14
DA:33,14
DA:34,14
DA:35,14
DA:36,14
DA:37,14
DA:38,14
DA:39,14
DA:40,14
DA:41,14
DA:42,14
DA:43,14
DA:44,14
DA:45,14
DA:46,14
DA:47,14
DA:48,14
DA:49,14
DA:50,14
DA:51,14
DA:52,14
DA:53,14
DA:54,14
DA:55,14
DA:56,14
DA:57,14
DA:58,14
DA:59,14
DA:60,14
DA:61,14
DA:62,14
DA:63,14
DA:64,14
DA:65,14
DA:66,14
DA:67,14
DA:68,14
DA:69,14
DA:70,14
DA:71,14
DA:72,14
DA:73,14
DA:74,14
DA:75,14
DA:76,14
DA:77,14
DA:78,14
DA:79,14
DA:80,14
DA:81,14
DA:82,14
DA:83,14
DA:84,14
DA:85,14
DA:86,14
DA:87,14
DA:88,14
DA:89,0
DA:90,0
DA:91,14
DA:92,14
DA:93,5
DA:94,5
DA:95,14
DA:96,14
DA:97,3
DA:98,3
DA:99,14
DA:100,14
DA:101,1
DA:102,1
DA:103,14
DA:104,14
DA:105,1
DA:106,1
DA:107,14
DA:108,14
DA:109,1
DA:110,1
DA:111,14
DA:112,14
DA:113,42
DA:114,42
DA:115,14
DA:116,42
DA:117,14
DA:118,42
DA:119,14
DA:120,42
DA:121,0
DA:122,42
DA:123,0
DA:124,42
DA:125,0
DA:126,42
DA:127,0
DA:128,42
DA:129,42
DA:130,14
DA:131,14
DA:132,0
DA:133,0
DA:134,14
DA:135,14
DA:136,14
DA:137,14
DA:138,14
DA:139,14
DA:140,14
DA:141,14
DA:142,14
DA:143,14
DA:144,14
DA:145,14
DA:146,14
DA:147,14
DA:148,14
DA:149,14
DA:150,14
DA:151,14
DA:152,14
DA:153,14
DA:154,14
DA:155,14
DA:156,14
DA:157,42
DA:158,42
DA:159,14
DA:160,14
DA:161,0
DA:162,14
DA:163,14
DA:164,14
DA:165,14
DA:166,14
DA:167,14
DA:168,14
DA:169,14
DA:170,14
DA:171,14
DA:172,14
DA:173,14
DA:174,14
DA:175,14
DA:176,14
DA:177,14
DA:178,14
DA:179,14
DA:180,14
DA:181,14
DA:182,14
DA:183,14
DA:184,14
DA:185,14
DA:186,14
DA:187,14
DA:188,14
DA:189,14
DA:190,14
DA:191,14
DA:192,14
DA:193,14
DA:194,14
DA:195,14
DA:196,14
DA:197,14
DA:198,14
DA:199,14
DA:200,14
DA:201,14
DA:202,14
DA:203,14
DA:204,14
DA:205,14
DA:206,14
DA:207,14
DA:208,14
DA:209,14
DA:210,14
DA:211,14
DA:212,14
DA:213,14
DA:214,14
DA:215,14
DA:216,14
DA:217,14
DA:218,14
DA:219,14
DA:220,14
DA:221,14
DA:222,14
DA:223,14
DA:224,14
DA:225,14
DA:226,42
DA:227,42
DA:228,14
DA:229,14
DA:230,14
DA:231,14
DA:232,14
DA:233,14
DA:234,14
DA:235,14
DA:236,14
DA:237,14
DA:238,14
DA:239,14
DA:240,14
DA:241,14
DA:242,14
DA:243,14
DA:244,14
DA:245,14
DA:246,14
DA:247,14
DA:248,14
DA:249,14
DA:250,14
DA:251,14
DA:252,14
DA:253,14
DA:254,14
DA:255,14
DA:256,14
DA:257,14
DA:258,14
DA:259,14
DA:260,14
DA:261,14
DA:262,14
DA:263,14
DA:264,14
DA:265,14
DA:266,14
DA:267,14
DA:268,14
DA:269,14
DA:270,14
DA:271,14
DA:272,14
DA:273,14
DA:274,14
DA:275,14
DA:276,14
DA:277,14
DA:278,14
DA:279,14
DA:280,14
DA:281,14
DA:282,42
DA:283,42
DA:284,14
DA:285,14
DA:286,14
DA:287,14
DA:288,14
DA:289,14
DA:290,14
DA:291,14
DA:292,14
DA:293,14
DA:294,14
DA:295,14
DA:296,14
DA:297,14
DA:298,14
DA:299,14
DA:300,14
DA:301,14
DA:302,14
DA:303,14
DA:304,14
DA:305,14
DA:306,14
DA:307,14
DA:308,14
DA:309,14
DA:310,14
DA:311,14
DA:312,14
DA:313,14
DA:314,14
DA:315,14
DA:316,14
DA:317,14
DA:318,14
DA:319,14
DA:320,14
DA:321,14
DA:322,14
DA:323,14
DA:324,14
DA:325,14
DA:326,14
DA:327,14
DA:328,14
DA:329,14
DA:330,14
DA:331,14
DA:332,14
DA:333,14
DA:334,14
DA:335,14
DA:336,14
DA:337,14
DA:338,14
DA:339,14
DA:340,14
DA:341,14
DA:342,14
DA:343,14
DA:344,14
DA:345,14
DA:346,14
DA:347,14
DA:348,14
DA:349,14
DA:350,14
DA:351,14
DA:352,14
DA:353,14
DA:354,14
DA:355,14
DA:356,14
DA:357,14
DA:358,14
DA:359,14
DA:360,14
DA:361,14
DA:362,14
DA:363,14
DA:364,14
DA:365,14
DA:366,14
DA:367,14
DA:368,14
DA:369,14
DA:370,14
DA:371,14
DA:372,14
DA:373,14
DA:374,14
DA:375,14
DA:376,14
DA:377,14
LF:377
LH:368
BRDA:15,0,0,14
BRDA:92,1,0,5
BRDA:96,2,0,3
BRDA:100,3,0,1
BRDA:104,4,0,1
BRDA:108,5,0,1
BRDA:112,6,0,42
BRDA:114,7,0,14
BRDA:116,8,0,14
BRDA:118,9,0,14
BRDA:120,10,0,0
BRDA:122,11,0,0
BRDA:124,12,0,0
BRDA:126,13,0,0
BRDA:156,14,0,42
BRDA:161,15,0,0
BRDA:199,16,0,5
BRDA:225,17,0,42
BRDA:281,18,0,42
BRDA:290,19,0,0
BRDA:323,20,0,3
BRDA:329,21,0,1
BRDA:356,22,0,1
BRDA:362,23,0,1
BRF:24
BRH:18
end_of_record
TN:
SF:app\preference\page.tsx
FN:46,PreferencePage
FN:51,toggleGenre
FN:55,handleExplore
FN:76,onClick
FNF:4
FNH:2
FNDA:4,PreferencePage
FNDA:0,toggleGenre
FNDA:1,handleExplore
FNDA:0,onClick
DA:1,1
DA:2,1
DA:3,1
DA:4,1
DA:5,1
DA:6,1
DA:7,1
DA:8,1
DA:9,1
DA:10,1
DA:11,1
DA:12,1
DA:13,1
DA:14,1
DA:15,1
DA:16,1
DA:17,1
DA:18,1
DA:19,1
DA:20,1
DA:21,1
DA:22,1
DA:23,1
DA:24,1
DA:25,1
DA:26,1
DA:27,1
DA:28,1
DA:29,1
DA:30,1
DA:31,1
DA:32,1
DA:33,1
DA:34,1
DA:35,1
DA:36,1
DA:37,1
DA:38,1
DA:39,1
DA:40,1
DA:41,1
DA:42,1
DA:43,1
DA:44,1
DA:45,1
DA:46,1
DA:47,4
DA:48,4
DA:49,4
DA:50,4
DA:51,4
DA:52,0
DA:53,0
DA:54,4
DA:55,4
DA:56,1
DA:57,1
DA:58,1
DA:59,4
DA:60,4
DA:61,4
DA:62,4
DA:63,4
DA:64,4
DA:65,4
DA:66,4
DA:67,4
DA:68,4
DA:69,4
DA:70,4
DA:71,4
DA:72,4
DA:73,4
DA:74,136
DA:75,136
DA:76,4
DA:77,4
DA:78,4
DA:79,4
DA:80,4
DA:81,4
DA:82,4
DA:83,0
DA:84,4
DA:85,4
DA:86,4
DA:87,4
DA:88,4
DA:89,4
DA:90,4
DA:91,4
DA:92,4
DA:93,4
DA:94,4
DA:95,4
DA:96,4
DA:97,4
DA:98,4
DA:99,4
DA:100,4
DA:101,4
DA:102,4
DA:103,4
DA:104,4
DA:105,4
LF:105
LH:102
BRDA:46,0,0,4
BRDA:55,1,0,1
BRDA:73,2,0,136
BRDA:82,3,0,0
BRF:4
BRH:3
end_of_record
TN:
SF:app\termsconditions\page.tsx
FN:13,TermsConditionsPage
FN:31,handleSubmit
FN:47,handleLogin
FN:52,handleCreateAccount
FN:56,handleConfirmNext
FN:63,handleLoginPage
FN:67,GoToHome
FN:71,handleDone
FN:75,handleCancel
FN:93,onClick
FN:98,onClick
FNF:11
FNH:4
FNDA:10,TermsConditionsPage
FNDA:0,handleSubmit
FNDA:0,handleLogin
FNDA:0,handleCreateAccount
FNDA:0,handleConfirmNext
FNDA:0,handleLoginPage
FNDA:0,GoToHome
FNDA:1,handleDone
FNDA:1,handleCancel
FNDA:1,onClick
FNDA:0,onClick
DA:1,1
DA:2,1
DA:3,1
DA:4,1
DA:5,1
DA:6,1
DA:7,1
DA:8,1
DA:9,1
DA:10,1
DA:11,1
DA:12,1
DA:13,1
DA:14,10
DA:15,10
DA:16,10
DA:17,10
DA:18,10
DA:19,10
DA:20,10
DA:21,10
DA:22,10
DA:23,10
DA:24,10
DA:25,10
DA:26,10
DA:27,10
DA:28,10
DA:29,10
DA:30,10
DA:31,10
DA:32,0
DA:33,0
DA:34,0
DA:35,0
DA:36,0
DA:37,10
DA:38,10
DA:39,5
DA:40,10
DA:41,10
DA:42,10
DA:43,10
DA:44,5
DA:45,5
DA:46,5
DA:47,5
DA:48,0
DA:49,0
DA:50,0
DA:51,5
DA:52,5
DA:53,0
DA:54,0
DA:55,5
DA:56,5
DA:57,0
DA:58,0
DA:59,0
DA:60,5
DA:61,5
DA:62,5
DA:63,5
DA:64,0
DA:65,0
DA:66,5
DA:67,5
DA:68,0
DA:69,0
DA:70,5
DA:71,5
DA:72,1
DA:73,1
DA:74,5
DA:75,5
DA:76,1
DA:77,1
DA:78,5
DA:79,5
DA:80,5
DA:81,5
DA:82,5
DA:83,5
DA:84,5
DA:85,5
DA:86,5
DA:87,5
DA:88,5
DA:89,5
DA:90,5
DA:91,5
DA:92,5
DA:93,5
DA:94,5
DA:95,5
DA:96,5
DA:97,5
DA:98,5
DA:99,5
DA:100,5
DA:101,5
DA:102,5
DA:103,5
DA:104,5
DA:105,5
DA:106,5
DA:107,5
DA:108,5
DA:109,5
DA:110,5
DA:111,5
DA:112,5
DA:113,5
DA:114,5
DA:115,5
DA:116,5
DA:117,5
DA:118,5
DA:119,5
DA:120,5
DA:121,5
DA:122,5
DA:123,5
DA:124,5
DA:125,5
DA:126,5
DA:127,5
DA:128,5
DA:129,5
DA:130,5
DA:131,5
DA:132,5
DA:133,5
DA:134,5
DA:135,5
DA:136,5
DA:137,5
DA:138,5
DA:139,5
DA:140,5
DA:141,5
DA:142,5
DA:143,5
DA:144,5
DA:145,5
DA:146,5
DA:147,5
DA:148,5
DA:149,5
DA:150,5
DA:151,5
DA:152,5
DA:153,5
DA:154,5
DA:155,5
DA:156,5
DA:157,5
DA:158,5
DA:159,5
DA:160,5
DA:161,5
DA:162,5
DA:163,5
DA:164,5
DA:165,5
DA:166,5
DA:167,5
DA:168,5
DA:169,5
DA:170,5
DA:171,5
DA:172,5
DA:173,5
DA:174,5
DA:175,5
DA:176,5
DA:177,5
DA:178,5
DA:179,5
DA:180,5
DA:181,5
DA:182,5
DA:183,5
DA:184,5
DA:185,5
DA:186,5
DA:187,5
DA:188,5
DA:189,5
LF:189
LH:172
BRDA:13,0,0,10
BRDA:29,1,0,0
BRDA:29,2,0,0
BRDA:29,3,0,0
BRDA:43,4,0,5
BRDA:38,5,0,5
BRDA:71,6,0,1
BRDA:75,7,0,1
BRDA:93,8,0,1
BRF:9
BRH:6
end_of_record
TN:
SF:app\verifyForgotEmail\page.tsx
FN:11,ForgotPasswordEmailPage
FN:15,handleSubmit
FN:20,handleResetPassword
FN:24,handleNumber
FN:28,GoToHome
FN:45,onClick
FN:51,onClick
FN:85,onChange
FNF:8
FNH:5
FNDA:22,ForgotPasswordEmailPage
FNDA:0,handleSubmit
FNDA:1,handleResetPassword
FNDA:1,handleNumber
FNDA:0,GoToHome
FNDA:1,onClick
FNDA:0,onClick
FNDA:16,onChange
DA:1,1
DA:2,1
DA:3,1
DA:4,1
DA:5,1
DA:6,1
DA:7,1
DA:8,1
DA:9,1
DA:10,1
DA:11,1
DA:12,22
DA:13,22
DA:14,22
DA:15,22
DA:16,0
DA:17,0
DA:18,0
DA:19,22
DA:20,22
DA:21,1
DA:22,1
DA:23,22
DA:24,22
DA:25,1
DA:26,1
DA:27,22
DA:28,22
DA:29,0
DA:30,0
DA:31,22
DA:32,22
DA:33,22
DA:34,22
DA:35,22
DA:36,22
DA:37,22
DA:38,22
DA:39,22
DA:40,22
DA:41,22
DA:42,22
DA:43,22
DA:44,22
DA:45,22
DA:46,22
DA:47,22
DA:48,22
DA:49,22
DA:50,22
DA:51,22
DA:52,22
DA:53,22
DA:54,22
DA:55,22
DA:56,22
DA:57,22
DA:58,22
DA:59,22
DA:60,22
DA:61,22
DA:62,22
DA:63,22
DA:64,22
DA:65,22
DA:66,22
DA:67,22
DA:68,22
DA:69,22
DA:70,22
DA:71,22
DA:72,22
DA:73,22
DA:74,22
DA:75,22
DA:76,22
DA:77,22
DA:78,22
DA:79,22
DA:80,22
DA:81,22
DA:82,22
DA:83,22
DA:84,22
DA:85,22
DA:86,22
DA:87,22
DA:88,22
DA:89,22
DA:90,22
DA:91,22
DA:92,22
DA:93,22
DA:94,22
DA:95,22
DA:96,22
DA:97,22
DA:98,22
DA:99,22
DA:100,22
DA:101,22
DA:102,22
DA:103,22
DA:104,22
DA:105,22
DA:106,22
DA:107,22
DA:108,22
DA:109,22
DA:110,22
DA:111,22
DA:112,22
DA:113,22
DA:114,22
LF:114
LH:109
BRDA:11,0,0,22
BRDA:20,1,0,1
BRDA:24,2,0,1
BRDA:45,3,0,1
BRDA:85,4,0,16
BRF:5
BRH:5
end_of_record
TN:
SF:components\CastDisplay.tsx
FN:5,CastDisplay
FN:8,onViewMoreCast
FN:70,onClick
FN:99,onClick
FNF:4
FNH:1
FNDA:6,CastDisplay
FNDA:0,onViewMoreCast
FNDA:0,onClick
FNDA:0,onClick
DA:1,1
DA:2,1
DA:3,1
DA:4,1
DA:5,1
DA:6,6
DA:7,6
DA:8,6
DA:9,0
DA:10,0
DA:11,6
DA:12,6
DA:13,6
DA:14,6
DA:15,6
DA:16,6
DA:17,6
DA:18,6
DA:19,6
DA:20,6
DA:21,6
DA:22,6
DA:23,6
DA:24,6
DA:25,6
DA:26,6
DA:27,6
DA:28,6
DA:29,6
DA:30,6
DA:31,6
DA:32,6
DA:33,6
DA:34,6
DA:35,6
DA:36,6
DA:37,6
DA:38,6
DA:39,6
DA:40,6
DA:41,6
DA:42,6
DA:43,6
DA:44,6
DA:45,6
DA:46,6
DA:47,6
DA:48,6
DA:49,6
DA:50,6
DA:51,6
DA:52,6
DA:53,6
DA:54,6
DA:55,6
DA:56,6
DA:57,6
DA:58,6
DA:59,6
DA:60,6
DA:61,6
DA:62,6
DA:63,6
DA:64,6
DA:65,6
DA:66,6
DA:67,6
DA:68,6
DA:69,6
DA:70,6
DA:71,6
DA:72,6
DA:73,6
DA:74,6
DA:75,6
DA:76,6
DA:77,6
DA:78,6
DA:79,6
DA:80,6
DA:81,6
DA:82,6
DA:83,24
DA:84,24
DA:85,6
DA:86,6
DA:87,6
DA:88,6
DA:89,6
DA:90,6
DA:91,6
DA:92,6
DA:93,6
DA:94,6
DA:95,6
DA:96,6
DA:97,6
DA:98,6
DA:99,6
DA:100,6
DA:101,6
DA:102,6
DA:103,6
DA:104,6
DA:105,6
DA:106,6
DA:107,6
DA:108,6
DA:109,6
DA:110,6
DA:111,6
DA:112,6
DA:113,6
DA:114,6
DA:115,6
DA:116,6
DA:117,6
DA:118,6
DA:119,6
DA:120,6
DA:121,6
DA:122,6
DA:123,6
DA:124,6
DA:125,6
DA:126,6
DA:127,6
DA:128,6
DA:129,6
DA:130,6
DA:131,6
DA:132,1
LF:132
LH:130
BRDA:5,0,0,6
BRDA:82,1,0,24
BRF:2
BRH:2
end_of_record
TN:
SF:components\NavBar.tsx
FN:18,NavBar
FN:36,goToNotifications
FN:41,handleShoppingBagClick
FN:42,onAvatarClick
FN:43,closeProfileModal
FN:47,detectBackground
FN:68,toggleMobileMenu
FN:69,closeMobileMenu
FN:71,getPositionClass
FN:137,onSubmit
FN:143,onChange
FNF:11
FNH:8
FNDA:30,NavBar
FNDA:1,goToNotifications
FNDA:1,handleShoppingBagClick
FNDA:0,onAvatarClick
FNDA:0,closeProfileModal
FNDA:14,detectBackground
FNDA:5,toggleMobileMenu
FNDA:1,closeMobileMenu
FNDA:30,getPositionClass
FNDA:0,onSubmit
FNDA:1,onChange
DA:1,1
DA:2,1
DA:3,1
DA:4,1
DA:5,1
DA:6,1
DA:7,1
DA:8,1
DA:9,1
DA:10,1
DA:11,1
DA:12,1
DA:13,1
DA:14,1
DA:15,1
DA:16,1
DA:17,1
DA:18,1
DA:19,30
DA:20,30
DA:21,30
DA:22,30
DA:23,30
DA:24,30
DA:25,30
DA:26,30
DA:27,30
DA:28,30
DA:29,30
DA:30,30
DA:31,30
DA:32,30
DA:33,30
DA:34,30
DA:35,30
DA:36,30
DA:37,30
DA:38,1
DA:39,1
DA:40,30
DA:41,30
DA:42,30
DA:43,30
DA:44,30
DA:45,30
DA:46,30
DA:47,13
DA:48,14
DA:49,14
DA:50,14
DA:51,14
DA:52,14
DA:53,12
DA:54,12
DA:55,7
DA:56,7
DA:57,7
DA:58,7
DA:59,14
DA:60,14
DA:61,14
DA:62,13
DA:63,13
DA:64,13
DA:65,13
DA:66,30
DA:67,30
DA:68,30
DA:69,30
DA:70,30
DA:71,30
DA:72,30
DA:73,30
DA:74,30
DA:75,30
DA:76,30
DA:77,12
DA:78,18
DA:79,30
DA:80,12
DA:81,18
DA:82,30
DA:83,12
DA:84,18
DA:85,30
DA:86,30
DA:87,30
DA:88,30
DA:89,30
DA:90,30
DA:91,12
DA:92,18
DA:93,30
DA:94,30
DA:95,30
DA:96,30
DA:97,30
DA:98,30
DA:99,30
DA:100,30
DA:101,30
DA:102,30
DA:103,30
DA:104,30
DA:105,30
DA:106,30
DA:107,30
DA:108,30
DA:109,30
DA:110,30
DA:111,30
DA:112,30
DA:113,180
DA:114,180
DA:115,30
DA:116,30
DA:117,30
DA:118,30
DA:119,30
DA:120,30
DA:121,30
DA:122,30
DA:123,30
DA:124,30
DA:125,30
DA:126,30
DA:127,30
DA:128,30
DA:129,30
DA:130,30
DA:131,30
DA:132,30
DA:133,30
DA:134,30
DA:135,30
DA:136,3
DA:137,3
DA:138,3
DA:139,3
DA:140,3
DA:141,3
DA:142,3
DA:143,3
DA:144,3
DA:145,3
DA:146,3
DA:147,3
DA:148,3
DA:149,3
DA:150,3
DA:151,3
DA:152,3
DA:153,3
DA:154,3
DA:155,3
DA:156,3
DA:157,3
DA:158,30
DA:159,30
DA:160,30
DA:161,30
DA:162,30
DA:163,30
DA:164,30
DA:165,30
DA:166,30
DA:167,30
DA:168,30
DA:169,30
DA:170,30
DA:171,30
DA:172,30
DA:173,30
DA:174,30
DA:175,30
DA:176,30
DA:177,30
DA:178,30
DA:179,30
DA:180,30
DA:181,30
DA:182,30
DA:183,30
DA:184,30
DA:185,30
DA:186,30
DA:187,30
DA:188,30
DA:189,30
DA:190,30
DA:191,30
DA:192,30
DA:193,30
DA:194,30
DA:195,30
DA:196,30
DA:197,30
DA:198,30
DA:199,30
DA:200,30
DA:201,30
DA:202,30
DA:203,30
DA:204,30
DA:205,30
DA:206,30
DA:207,30
DA:208,30
DA:209,30
DA:210,30
DA:211,30
DA:212,30
DA:213,30
DA:214,30
DA:215,30
DA:216,30
DA:217,30
DA:218,30
DA:219,30
DA:220,30
DA:221,30
DA:222,30
DA:223,30
DA:224,30
DA:225,30
DA:226,30
DA:227,30
DA:228,30
DA:229,30
DA:230,30
DA:231,30
DA:232,180
DA:233,180
DA:234,30
DA:235,30
DA:236,30
DA:237,30
DA:238,18
DA:239,162
DA:240,30
DA:241,30
DA:242,30
DA:243,30
DA:244,30
DA:245,30
DA:246,30
DA:247,30
DA:248,30
DA:249,30
DA:250,30
DA:251,1
DA:252,1
LF:252
LH:252
BRDA:18,0,0,30
BRDA:76,1,0,12
BRDA:77,2,0,18
BRDA:79,3,0,12
BRDA:80,4,0,18
BRDA:82,5,0,12
BRDA:83,6,0,18
BRDA:90,7,0,12
BRDA:91,8,0,18
BRDA:135,9,0,3
BRDA:212,10,0,6
BRDA:212,11,0,24
BRDA:36,12,0,1
BRDA:37,13,0,1
BRDA:39,14,0,0
BRDA:38,15,0,1
BRDA:41,16,0,1
BRDA:46,17,0,13
BRDA:47,18,0,14
BRDA:52,19,0,12
BRDA:53,20,0,12
BRDA:54,21,0,7
BRDA:55,22,0,7
BRDA:56,23,0,7
BRDA:57,24,0,7
BRDA:65,25,0,13
BRDA:68,26,0,5
BRDA:68,27,0,5
BRDA:69,28,0,1
BRDA:71,29,0,30
BRDA:72,30,0,0
BRDA:73,31,0,0
BRDA:112,32,0,180
BRDA:117,33,0,18
BRDA:143,34,0,1
BRDA:231,35,0,180
BRDA:237,36,0,18
BRDA:238,37,0,162
BRF:38
BRH:35
end_of_record
TN:
SF:components\OtpInput.tsx
FN:10,OtpInput
FN:14,handleInputChange
FN:28,handleKeyDown
FN:45,onChange
FN:46,onKeyDown
FNF:5
FNH:1
FNDA:8,OtpInput
FNDA:0,handleInputChange
FNDA:0,handleKeyDown
FNDA:0,onChange
FNDA:0,onKeyDown
DA:1,1
DA:2,1
DA:3,1
DA:4,1
DA:5,1
DA:6,1
DA:7,1
DA:8,1
DA:9,1
DA:10,1
DA:11,8
DA:12,8
DA:13,8
DA:14,8
DA:15,0
DA:16,0
DA:17,0
DA:18,0
DA:19,0
DA:20,0
DA:21,0
DA:22,0
DA:23,0
DA:24,0
DA:25,0
DA:26,0
DA:27,8
DA:28,8
DA:29,0
DA:30,0
DA:31,0
DA:32,0
DA:33,0
DA:34,8
DA:35,8
DA:36,8
DA:37,8
DA:38,32
DA:39,32
DA:40,8
DA:41,8
DA:42,8
DA:43,8
DA:44,8
DA:45,8
DA:46,8
DA:47,8
DA:48,8
DA:49,8
DA:50,8
DA:51,8
DA:52,8
DA:53,8
DA:54,8
DA:55,1
DA:56,1
LF:56
LH:39
BRDA:10,0,0,8
BRDA:37,1,0,32
BRF:2
BRH:2
end_of_record
TN:
SF:components\SectionHeader.tsx
FN:11,SectionHeader
FN:14,onViewMoreClick
FN:24,onClick
FNF:3
FNH:1
FNDA:6,SectionHeader
FNDA:0,onViewMoreClick
FNDA:0,onClick
DA:1,1
DA:2,1
DA:3,1
DA:4,1
DA:5,1
DA:6,1
DA:7,1
DA:8,1
DA:9,1
DA:10,1
DA:11,1
DA:12,6
DA:13,6
DA:14,6
DA:15,0
DA:16,0
DA:17,0
DA:18,6
DA:19,6
DA:20,6
DA:21,6
DA:22,6
DA:23,6
DA:24,6
DA:25,6
DA:26,6
DA:27,6
DA:28,6
DA:29,6
DA:30,6
DA:31,6
DA:32,6
DA:33,6
DA:34,1
LF:34
LH:31
BRDA:11,0,0,6
BRF:1
BRH:1
end_of_record
TN:
SF:components\TabPills.tsx
FN:6,TabPillComponent
FN:17,onChange
FNF:2
FNH:2
FNDA:12,TabPillComponent
FNDA:2,onChange
DA:1,1
DA:2,1
DA:3,1
DA:4,1
DA:5,1
DA:6,1
DA:7,12
DA:8,12
DA:9,12
DA:10,12
DA:11,12
DA:12,12
DA:13,12
DA:14,12
DA:15,12
DA:16,12
DA:17,12
DA:18,12
DA:19,12
DA:20,12
DA:21,12
DA:22,12
DA:23,12
DA:24,1
DA:25,11
DA:26,12
DA:27,12
DA:28,12
DA:29,12
DA:30,12
DA:31,12
DA:32,12
DA:33,12
DA:34,12
DA:35,12
DA:36,12
DA:37,12
DA:38,1
DA:39,11
DA:40,12
DA:41,12
DA:42,12
DA:43,12
DA:44,12
DA:45,12
DA:46,12
DA:47,12
DA:48,12
DA:49,12
DA:50,12
DA:51,12
DA:52,12
DA:53,24
DA:54,24
DA:55,12
DA:56,12
DA:57,12
DA:58,12
DA:59,12
DA:60,12
DA:61,12
DA:62,12
DA:63,12
DA:64,12
DA:65,12
DA:66,12
DA:67,12
DA:68,12
DA:69,12
DA:70,12
DA:71,12
DA:72,12
DA:73,12
DA:74,12
DA:75,12
DA:76,12
DA:77,12
DA:78,12
DA:79,12
DA:80,12
DA:81,1
DA:82,1
LF:82
LH:82
BRDA:6,0,0,12
BRDA:23,1,0,1
BRDA:24,2,0,11
BRDA:37,3,0,1
BRDA:38,4,0,11
BRDA:17,5,0,2
BRDA:52,6,0,24
BRDA:63,7,0,12
BRDA:63,8,0,12
BRF:9
BRH:9
end_of_record
TN:
SF:components\TopProfileMenu.tsx
FN:16,TopProfileMenu
FN:23,onMenuClick
FN:32,handleLogoutClick
FN:38,handleDrawerTabChange
FN:44,handleLogout
FN:62,handleCancelLogout
FN:67,handleBackdropClick
FN:74,handleModalClick
FN:96,onClick
FN:109,onClick
FN:127,onClick
FN:136,onClick
FN:145,TopProfileMenu.children.children.isLoggedIn.children.onClick
FNF:13
FNH:9
FNDA:9,TopProfileMenu
FNDA:1,onMenuClick
FNDA:0,handleLogoutClick
FNDA:1,handleDrawerTabChange
FNDA:1,handleLogout
FNDA:0,handleCancelLogout
FNDA:0,handleBackdropClick
FNDA:5,handleModalClick
FNDA:1,onClick
FNDA:0,onClick
FNDA:1,onClick
FNDA:1,onClick
FNDA:1,TopProfileMenu.children.children.isLoggedIn.children.onClick
DA:1,1
DA:2,1
DA:3,1
DA:4,1
DA:5,1
DA:6,1
DA:7,1
DA:8,1
DA:9,1
DA:10,1
DA:11,1
DA:12,1
DA:13,1
DA:14,1
DA:15,1
DA:16,1
DA:17,9
DA:18,9
DA:19,9
DA:20,9
DA:21,9
DA:22,9
DA:23,9
DA:24,1
DA:25,1
DA:26,1
DA:27,0
DA:28,0
DA:29,1
DA:30,1
DA:31,9
DA:32,9
DA:33,0
DA:34,0
DA:35,0
DA:36,0
DA:37,9
DA:38,9
DA:39,1
DA:40,1
DA:41,1
DA:42,1
DA:43,9
DA:44,9
DA:45,1
DA:46,1
DA:47,1
DA:48,1
DA:49,1
DA:50,1
DA:51,1
DA:52,1
DA:53,1
DA:54,1
DA:55,1
DA:56,0
DA:57,0
DA:58,0
DA:59,0
DA:60,1
DA:61,9
DA:62,9
DA:63,0
DA:64,0
DA:65,9
DA:66,9
DA:67,9
DA:68,0
DA:69,0
DA:70,0
DA:71,0
DA:72,9
DA:73,9
DA:74,9
DA:75,5
DA:76,5
DA:77,9
DA:78,9
DA:79,9
DA:80,9
DA:81,9
DA:82,9
DA:83,9
DA:84,9
DA:85,9
DA:86,9
DA:87,9
DA:88,9
DA:89,9
DA:90,9
DA:91,9
DA:92,9
DA:93,9
DA:94,9
DA:95,9
DA:96,9
DA:97,9
DA:98,9
DA:99,9
DA:100,9
DA:101,9
DA:102,9
DA:103,9
DA:104,9
DA:105,9
DA:106,9
DA:107,9
DA:108,9
DA:109,9
DA:110,9
DA:111,9
DA:112,9
DA:113,9
DA:114,9
DA:115,9
DA:116,9
DA:117,9
DA:118,9
DA:119,9
DA:120,9
DA:121,9
DA:122,9
DA:123,9
DA:124,9
DA:125,9
DA:126,9
DA:127,9
DA:128,9
DA:129,9
DA:130,9
DA:131,9
DA:132,9
DA:133,9
DA:134,9
DA:135,9
DA:136,9
DA:137,9
DA:138,9
DA:139,9
DA:140,9
DA:141,9
DA:142,9
DA:143,9
DA:144,9
DA:145,9
DA:146,9
DA:147,9
DA:148,9
DA:149,9
DA:150,9
DA:151,9
DA:152,9
DA:153,9
DA:154,9
DA:155,9
DA:156,9
DA:157,9
DA:158,9
DA:159,9
DA:160,9
DA:161,9
DA:162,9
DA:163,9
DA:164,9
DA:165,9
DA:166,1
DA:167,1
LF:167
LH:151
BRDA:16,0,0,9
BRDA:18,1,0,0
BRDA:103,2,0,0
BRDA:104,3,0,0
BRDA:145,4,0,0
BRDA:159,5,0,0
BRDA:23,6,0,1
BRDA:26,7,0,0
BRDA:38,8,0,1
BRDA:44,9,0,1
BRDA:55,10,0,0
BRDA:74,11,0,5
BRDA:96,12,0,1
BRDA:127,13,0,1
BRDA:136,14,0,1
BRDA:145,15,0,1
BRF:16
BRH:9
end_of_record
TN:
SF:components\VybzVideoPlayer.tsx
FN:35,VybzVideoPlayer
FN:61,handleAutoplay
FN:82,hideControlsTimer
FN:158,handleFullscreenChange
FN:168,handleMouseMove
FN:186,handleMouseUp
FN:211,handlePlayPause
FN:223,handleSkip
FN:233,handleVideoClick
FN:237,handleVideoEnded
FN:242,handleTimeUpdate
FN:248,handleLoadedMetadata
FN:254,handleSeekClick
FN:264,handleSeekMouseDown
FN:269,handleSeekMouseMove
FN:275,handleSeekMouseUp
FN:279,formatTime
FN:286,handleTrailerClick
FN:291,handleMouseEnter
FN:300,handleMouseLeave
FN:305,handleMouseMove
FN:315,toggleFullscreen
FN:323,showVolume
FN:328,hideVolume
FN:336,onViewMoreClick
FN:340,onSaveClick
FN:433,onClick
FN:487,onClick
FN:509,onValueChange
FN:617,onClick
FNF:30
FNH:5
FNDA:8,VybzVideoPlayer
FNDA:0,handleAutoplay
FNDA:5,hideControlsTimer
FNDA:0,handleFullscreenChange
FNDA:0,handleMouseMove
FNDA:0,handleMouseUp
FNDA:1,handlePlayPause
FNDA:0,handleSkip
FNDA:0,handleVideoClick
FNDA:0,handleVideoEnded
FNDA:0,handleTimeUpdate
FNDA:0,handleLoadedMetadata
FNDA:0,handleSeekClick
FNDA:0,handleSeekMouseDown
FNDA:0,handleSeekMouseMove
FNDA:0,handleSeekMouseUp
FNDA:16,formatTime
FNDA:0,handleTrailerClick
FNDA:0,handleMouseEnter
FNDA:0,handleMouseLeave
FNDA:0,handleMouseMove
FNDA:0,toggleFullscreen
FNDA:0,showVolume
FNDA:0,hideVolume
FNDA:0,onViewMoreClick
FNDA:0,onSaveClick
FNDA:0,onClick
FNDA:1,onClick
FNDA:0,onValueChange
FNDA:0,onClick
DA:1,1
DA:2,1
DA:3,1
DA:4,1
DA:5,1
DA:6,1
DA:7,1
DA:8,1
DA:9,1
DA:10,1
DA:11,1
DA:12,1
DA:13,1
DA:14,1
DA:15,1
DA:16,1
DA:17,1
DA:18,1
DA:19,1
DA:20,1
DA:21,1
DA:22,1
DA:23,1
DA:24,1
DA:25,1
DA:26,1
DA:27,1
DA:28,1
DA:29,1
DA:30,1
DA:31,1
DA:32,1
DA:33,1
DA:34,1
DA:35,1
DA:36,8
DA:37,8
DA:38,8
DA:39,8
DA:40,8
DA:41,8
DA:42,8
DA:43,8
DA:44,8
DA:45,8
DA:46,8
DA:47,8
DA:48,8
DA:49,8
DA:50,8
DA:51,8
DA:52,8
DA:53,8
DA:54,8
DA:55,8
DA:56,8
DA:57,8
DA:58,8
DA:59,8
DA:60,8
DA:61,4
DA:62,0
DA:63,0
DA:64,0
DA:65,0
DA:66,0
DA:67,0
DA:68,0
DA:69,0
DA:70,0
DA:71,0
DA:72,0
DA:73,4
DA:74,4
DA:75,4
DA:76,4
DA:77,4
DA:78,8
DA:79,8
DA:80,8
DA:81,8
DA:82,5
DA:83,5
DA:84,0
DA:85,0
DA:86,0
DA:87,0
DA:88,0
DA:89,0
DA:90,0
DA:91,0
DA:92,0
DA:93,0
DA:94,0
DA:95,0
DA:96,5
DA:97,1
DA:98,0
DA:99,1
DA:100,5
DA:101,4
DA:102,4
DA:103,4
DA:104,4
DA:105,4
DA:106,5
DA:107,5
DA:108,5
DA:109,0
DA:110,0
DA:111,5
DA:112,5
DA:113,5
DA:114,5
DA:115,5
DA:116,1
DA:117,1
DA:118,5
DA:119,8
DA:120,8
DA:121,8
DA:122,8
DA:123,5
DA:124,1
DA:125,1
DA:126,0
DA:127,0
DA:128,1
DA:129,5
DA:130,4
DA:131,4
DA:132,4
DA:133,4
DA:134,0
DA:135,0
DA:136,4
DA:137,0
DA:138,0
DA:139,4
DA:140,4
DA:141,4
DA:142,0
DA:143,4
DA:144,4
DA:145,5
DA:146,5
DA:147,5
DA:148,1
DA:149,1
DA:150,5
DA:151,5
DA:152,5
DA:153,5
DA:154,8
DA:155,8
DA:156,8
DA:157,8
DA:158,4
DA:159,0
DA:160,0
DA:161,4
DA:162,4
DA:163,4
DA:164,4
DA:165,8
DA:166,8
DA:167,8
DA:168,4
DA:169,0
DA:170,0
DA:171,0
DA:172,0
DA:173,0
DA:174,0
DA:175,0
DA:176,0
DA:177,0
DA:178,0
DA:179,0
DA:180,0
DA:181,0
DA:182,0
DA:183,0
DA:184,0
DA:185,4
DA:186,4
DA:187,0
DA:188,0
DA:189,0
DA:190,0
DA:191,4
DA:192,4
DA:193,0
DA:194,0
DA:195,0
DA:196,4
DA:197,4
DA:198,4
DA:199,4
DA:200,4
DA:201,8
DA:202,8
DA:203,8
DA:204,8
DA:205,5
DA:206,5
DA:207,5
DA:208,5
DA:209,8
DA:210,8
DA:211,8
DA:212,1
DA:213,1
DA:214,0
DA:215,0
DA:216,1
DA:217,1
DA:218,1
DA:219,1
DA:220,1
DA:221,1
DA:222,8
DA:223,8
DA:224,0
DA:225,0
DA:226,0
DA:227,0
DA:228,0
DA:229,0
DA:230,0
DA:231,0
DA:232,8
DA:233,8
DA:234,0
DA:235,0
DA:236,8
DA:237,8
DA:238,0
DA:239,0
DA:240,0
DA:241,8
DA:242,8
DA:243,0
DA:244,0
DA:245,0
DA:246,0
DA:247,8
DA:248,8
DA:249,0
DA:250,0
DA:251,0
DA:252,0
DA:253,8
DA:254,8
DA:255,0
DA:256,0
DA:257,0
DA:258,0
DA:259,0
DA:260,0
DA:261,0
DA:262,0
DA:263,8
DA:264,8
DA:265,0
DA:266,0
DA:267,0
DA:268,8
DA:269,8
DA:270,0
DA:271,0
DA:272,0
DA:273,0
DA:274,8
DA:275,8
DA:276,0
DA:277,0
DA:278,8
DA:279,8
DA:280,16
DA:281,16
DA:282,16
DA:283,16
DA:284,16
DA:285,8
DA:286,8
DA:287,0
DA:288,0
DA:289,0
DA:290,8
DA:291,8
DA:292,0
DA:293,0
DA:294,0
DA:295,0
DA:296,0
DA:297,0
DA:298,0
DA:299,8
DA:300,8
DA:301,0
DA:302,0
DA:303,0
DA:304,8
DA:305,8
DA:306,0
DA:307,0
DA:308,0
DA:309,0
DA:310,0
DA:311,0
DA:312,0
DA:313,0
DA:314,8
DA:315,8
DA:316,0
DA:317,0
DA:318,0
DA:319,0
DA:320,0
DA:321,0
DA:322,8
DA:323,8
DA:324,0
DA:325,0
DA:326,0
DA:327,8
DA:328,8
DA:329,0
DA:330,0
DA:331,0
DA:332,0
DA:333,8
DA:334,8
DA:335,8
DA:336,8
DA:337,0
DA:338,0
DA:339,8
DA:340,8
DA:341,0
DA:342,0
DA:343,8
DA:344,8
DA:345,8
DA:346,8
DA:347,8
DA:348,8
DA:349,8
DA:350,8
DA:351,0
DA:352,8
DA:353,8
DA:354,8
DA:355,8
DA:356,8
DA:357,8
DA:358,8
DA:359,8
DA:360,8
DA:361,8
DA:362,8
DA:363,8
DA:364,8
DA:365,8
DA:366,8
DA:367,8
DA:368,8
DA:369,8
DA:370,8
DA:371,8
DA:372,8
DA:373,8
DA:374,8
DA:375,8
DA:376,8
DA:377,8
DA:378,8
DA:379,8
DA:380,8
DA:381,8
DA:382,8
DA:383,8
DA:384,8
DA:385,8
DA:386,8
DA:387,8
DA:388,8
DA:389,8
DA:390,8
DA:391,8
DA:392,8
DA:393,8
DA:394,8
DA:395,8
DA:396,8
DA:397,8
DA:398,8
DA:399,8
DA:400,8
DA:401,8
DA:402,8
DA:403,8
DA:404,8
DA:405,8
DA:406,8
DA:407,8
DA:408,8
DA:409,8
DA:410,8
DA:411,8
DA:412,8
DA:413,8
DA:414,8
DA:415,8
DA:416,8
DA:417,8
DA:418,8
DA:419,8
DA:420,8
DA:421,8
DA:422,8
DA:423,8
DA:424,8
DA:425,8
DA:426,8
DA:427,8
DA:428,8
DA:429,8
DA:430,8
DA:431,8
DA:432,8
DA:433,8
DA:434,8
DA:435,8
DA:436,8
DA:437,8
DA:438,8
DA:439,8
DA:440,8
DA:441,8
DA:442,8
DA:443,8
DA:444,8
DA:445,8
DA:446,8
DA:447,8
DA:448,0
DA:449,8
DA:450,8
DA:451,8
DA:452,8
DA:453,8
DA:454,8
DA:455,8
DA:456,8
DA:457,8
DA:458,8
DA:459,8
DA:460,8
DA:461,8
DA:462,8
DA:463,8
DA:464,8
DA:465,8
DA:466,8
DA:467,8
DA:468,8
DA:469,8
DA:470,8
DA:471,8
DA:472,8
DA:473,8
DA:474,8
DA:475,8
DA:476,8
DA:477,8
DA:478,8
DA:479,8
DA:480,8
DA:481,8
DA:482,8
DA:483,8
DA:484,8
DA:485,8
DA:486,8
DA:487,8
DA:488,8
DA:489,8
DA:490,8
DA:491,2
DA:492,8
DA:493,0
DA:494,0
DA:495,8
DA:496,8
DA:497,8
DA:498,8
DA:499,8
DA:500,8
DA:501,8
DA:502,8
DA:503,8
DA:504,8
DA:505,8
DA:506,8
DA:507,8
DA:508,8
DA:509,8
DA:510,0
DA:511,0
DA:512,0
DA:513,8
DA:514,8
DA:515,8
DA:516,8
DA:517,8
DA:518,8
DA:519,8
DA:520,8
DA:521,8
DA:522,8
DA:523,8
DA:524,8
DA:525,8
DA:526,8
DA:527,8
DA:528,8
DA:529,8
DA:530,8
DA:531,8
DA:532,2
DA:533,2
DA:534,8
DA:535,8
DA:536,8
DA:537,8
DA:538,8
DA:539,8
DA:540,8
DA:541,8
DA:542,8
DA:543,8
DA:544,8
DA:545,8
DA:546,8
DA:547,8
DA:548,8
DA:549,8
DA:550,8
DA:551,8
DA:552,8
DA:553,8
DA:554,8
DA:555,8
DA:556,8
DA:557,8
DA:558,8
DA:559,8
DA:560,8
DA:561,8
DA:562,8
DA:563,8
DA:564,8
DA:565,8
DA:566,8
DA:567,8
DA:568,8
DA:569,8
DA:570,8
DA:571,8
DA:572,6
DA:573,2
DA:574,8
DA:575,8
DA:576,8
DA:577,2
DA:578,2
DA:579,8
DA:580,8
DA:581,8
DA:582,8
DA:583,8
DA:584,8
DA:585,8
DA:586,8
DA:587,8
DA:588,8
DA:589,8
DA:590,8
DA:591,8
DA:592,0
DA:593,8
DA:594,8
DA:595,8
DA:596,0
DA:597,0
DA:598,8
DA:599,8
DA:600,8
DA:601,8
DA:602,8
DA:603,8
DA:604,8
DA:605,8
DA:606,8
DA:607,8
DA:608,0
DA:609,8
DA:610,8
DA:611,8
DA:612,8
DA:613,8
DA:614,8
DA:615,8
DA:616,8
DA:617,8
DA:618,8
DA:619,8
DA:620,8
DA:621,8
DA:622,8
DA:623,8
DA:624,8
DA:625,8
DA:626,8
DA:627,8
DA:628,8
DA:629,8
DA:630,8
DA:631,8
DA:632,8
DA:633,8
DA:634,8
DA:635,8
DA:636,8
DA:637,8
DA:638,8
DA:639,8
DA:640,8
DA:641,8
DA:642,8
DA:643,8
LF:643
LH:496
BRDA:35,0,0,8
BRDA:350,1,0,0
BRDA:363,2,0,0
BRDA:380,3,0,0
BRDA:395,4,0,0
BRDA:398,5,0,0
BRDA:447,6,0,0
BRDA:463,7,0,0
BRDA:490,8,0,6
BRDA:490,9,0,2
BRDA:492,10,0,0
BRDA:525,11,0,2
BRDA:525,12,0,6
BRDA:531,13,0,2
BRDA:571,14,0,0
BRDA:571,15,0,6
BRDA:572,16,0,2
BRDA:576,17,0,2
BRDA:591,18,0,0
BRDA:595,19,0,0
BRDA:607,20,0,0
BRDA:60,21,0,4
BRDA:77,22,0,4
BRDA:81,23,0,5
BRDA:108,24,0,0
BRDA:82,25,0,5
BRDA:83,26,0,0
BRDA:83,27,0,0
BRDA:96,28,0,1
BRDA:96,29,0,1
BRDA:96,30,0,1
BRDA:100,31,0,4
BRDA:100,32,0,0
BRDA:100,33,0,0
BRDA:114,34,0,5
BRDA:115,35,0,1
BRDA:122,36,0,5
BRDA:123,37,0,1
BRDA:129,38,0,4
BRDA:133,39,0,0
BRDA:136,40,0,0
BRDA:146,41,0,5
BRDA:147,42,0,1
BRDA:157,43,0,4
BRDA:163,44,0,4
BRDA:167,45,0,4
BRDA:192,46,0,0
BRDA:197,47,0,4
BRDA:204,48,0,5
BRDA:211,49,0,1
BRDA:213,50,0,0
BRDA:279,51,0,16
BRDA:280,52,0,0
BRDA:487,53,0,1
BRDA:611,54,0,24
BRF:55
BRH:33
end_of_record
TN:
SF:components\slider.tsx
FN:8,Slider
FNF:1
FNH:0
FNDA:0,Slider
DA:1,1
DA:2,1
DA:3,1
DA:4,1
DA:5,1
DA:6,1
DA:7,1
DA:8,0
DA:9,0
DA:10,0
DA:11,0
DA:12,0
DA:13,0
DA:14,0
DA:15,0
DA:16,0
DA:17,0
DA:18,0
DA:19,0
DA:20,0
DA:21,0
DA:22,0
DA:23,0
DA:24,0
DA:25,0
DA:26,0
DA:27,0
DA:28,0
DA:29,0
DA:30,0
DA:31,0
DA:32,0
DA:33,0
DA:34,0
DA:35,0
DA:36,0
DA:37,0
DA:38,0
DA:39,0
DA:40,0
DA:41,0
DA:42,0
DA:43,0
DA:44,0
DA:45,0
DA:46,0
DA:47,0
DA:48,0
DA:49,0
DA:50,0
DA:51,0
DA:52,0
DA:53,0
DA:54,0
DA:55,0
DA:56,0
DA:57,0
DA:58,0
DA:59,0
DA:60,0
DA:61,0
DA:62,1
DA:63,1
LF:63
LH:9
BRF:0
BRH:0
end_of_record
TN:
SF:components\ui\avatar.tsx
FN:8,Avatar
FN:24,AvatarImage
FN:37,AvatarFallback
FNF:3
FNH:3
FNDA:36,Avatar
FNDA:36,AvatarImage
FNDA:36,AvatarFallback
DA:1,1
DA:2,1
DA:3,1
DA:4,1
DA:5,1
DA:6,1
DA:7,1
DA:8,36
DA:9,36
DA:10,36
DA:11,36
DA:12,36
DA:13,36
DA:14,36
DA:15,36
DA:16,36
DA:17,36
DA:18,36
DA:19,36
DA:20,36
DA:21,36
DA:22,36
DA:23,1
DA:24,36
DA:25,36
DA:26,36
DA:27,36
DA:28,36
DA:29,36
DA:30,36
DA:31,36
DA:32,36
DA:33,36
DA:34,36
DA:35,36
DA:36,1
DA:37,36
DA:38,36
DA:39,36
DA:40,36
DA:41,36
DA:42,36
DA:43,36
DA:44,36
DA:45,36
DA:46,36
DA:47,36
DA:48,36
DA:49,36
DA:50,36
DA:51,36
DA:52,1
DA:53,1
LF:53
LH:53
BRDA:8,0,0,36
BRDA:24,1,0,36
BRDA:37,2,0,36
BRF:3
BRH:3
end_of_record
TN:
SF:components\ui\button.tsx
FN:38,Button
FNF:1
FNH:1
FNDA:181,Button
DA:1,1
DA:2,1
DA:3,1
DA:4,1
DA:5,1
DA:6,1
DA:7,1
DA:8,1
DA:9,1
DA:10,1
DA:11,1
DA:12,1
DA:13,1
DA:14,1
DA:15,1
DA:16,1
DA:17,1
DA:18,1
DA:19,1
DA:20,1
DA:21,1
DA:22,1
DA:23,1
DA:24,1
DA:25,1
DA:26,1
DA:27,1
DA:28,1
DA:29,1
DA:30,1
DA:31,1
DA:32,1
DA:33,1
DA:34,1
DA:35,1
DA:36,1
DA:37,1
DA:38,181
DA:39,181
DA:40,181
DA:41,181
DA:42,181
DA:43,181
DA:44,181
DA:45,181
DA:46,181
DA:47,181
DA:48,181
DA:49,181
DA:50,181
DA:51,181
DA:52,181
DA:53,181
DA:54,181
DA:55,181
DA:56,181
DA:57,181
DA:58,1
DA:59,1
LF:59
LH:59
BRDA:38,0,0,181
BRDA:48,1,0,0
BRF:2
BRH:1
end_of_record
TN:
SF:components\ui\checkbox.tsx
FN:9,Checkbox
FNF:1
FNH:1
FNDA:10,Checkbox
DA:1,1
DA:2,1
DA:3,1
DA:4,1
DA:5,1
DA:6,1
DA:7,1
DA:8,1
DA:9,10
DA:10,10
DA:11,10
DA:12,10
DA:13,10
DA:14,10
DA:15,10
DA:16,10
DA:17,10
DA:18,10
DA:19,10
DA:20,10
DA:21,10
DA:22,10
DA:23,10
DA:24,10
DA:25,10
DA:26,10
DA:27,10
DA:28,10
DA:29,10
DA:30,10
DA:31,1
DA:32,1
LF:32
LH:32
BRDA:9,0,0,10
BRF:1
BRH:1
end_of_record
TN:
SF:components\ui\input.tsx
FN:5,Input
FNF:1
FNH:1
FNDA:186,Input
DA:1,1
DA:2,1
DA:3,1
DA:4,1
DA:5,186
DA:6,186
DA:7,186
DA:8,186
DA:9,186
DA:10,186
DA:11,186
DA:12,186
DA:13,186
DA:14,186
DA:15,186
DA:16,186
DA:17,186
DA:18,186
DA:19,186
DA:20,1
DA:21,1
LF:21
LH:21
BRDA:5,0,0,186
BRF:1
BRH:1
end_of_record
TN:
SF:components\ui\label.tsx
FN:8,Label
FNF:1
FNH:1
FNDA:22,Label
DA:1,1
DA:2,1
DA:3,1
DA:4,1
DA:5,1
DA:6,1
DA:7,1
DA:8,22
DA:9,22
DA:10,22
DA:11,22
DA:12,22
DA:13,22
DA:14,22
DA:15,22
DA:16,22
DA:17,22
DA:18,22
DA:19,22
DA:20,22
DA:21,22
DA:22,22
DA:23,1
DA:24,1
LF:24
LH:24
BRDA:8,0,0,22
BRF:1
BRH:1
end_of_record
TN:
SF:hooks\redux.ts
FN:4,useAppDispatch
FNF:1
FNH:0
FNDA:0,useAppDispatch
DA:1,1
DA:2,1
DA:3,1
DA:4,1
DA:5,1
LF:5
LH:5
BRF:0
BRH:0
end_of_record
TN:
SF:lib\utils.ts
FN:4,cn
FNF:1
FNH:1
FNDA:507,cn
DA:1,1
DA:2,1
DA:3,1
DA:4,1
DA:5,507
DA:6,507
LF:6
LH:6
BRDA:4,0,0,507
BRF:1
BRH:1
end_of_record
TN:
SF:lib\context\AuthContext.tsx
FN:13,AuthProvider
FN:26,useAuth
FNF:2
FNH:0
FNDA:0,AuthProvider
FNDA:0,useAuth
DA:1,1
DA:2,1
DA:3,1
DA:4,1
DA:5,1
DA:6,1
DA:7,1
DA:8,1
DA:9,1
DA:10,1
DA:11,1
DA:12,1
DA:13,1
DA:14,0
DA:15,0
DA:16,0
DA:17,0
DA:18,0
DA:19,0
DA:20,0
DA:21,0
DA:22,0
DA:23,0
DA:24,0
DA:25,1
DA:26,1
DA:27,0
DA:28,0
DA:29,0
DA:30,0
DA:31,0
DA:32,0
LF:32
LH:15
BRF:0
BRH:0
end_of_record
TN:
SF:lib\context\ThemeContext.tsx
FN:19,ThemeProvider
FN:97,useTheme
FN:106,getThemeDisplayName
FNF:3
FNH:0
FNDA:0,ThemeProvider
FNDA:0,useTheme
FNDA:0,getThemeDisplayName
DA:1,1
DA:2,1
DA:3,1
DA:4,1
DA:5,1
DA:6,1
DA:7,1
DA:8,1
DA:9,1
DA:10,1
DA:11,1
DA:12,1
DA:13,1
DA:14,1
DA:15,1
DA:16,1
DA:17,1
DA:18,1
DA:19,1
DA:20,0
DA:21,0
DA:22,0
DA:23,0
DA:24,0
DA:25,0
DA:26,0
DA:27,0
DA:28,0
DA:29,0
DA:30,0
DA:31,0
DA:32,0
DA:33,0
DA:34,0
DA:35,0
DA:36,0
DA:37,0
DA:38,0
DA:39,0
DA:40,0
DA:41,0
DA:42,0
DA:43,0
DA:44,0
DA:45,0
DA:46,0
DA:47,0
DA:48,0
DA:49,0
DA:50,0
DA:51,0
DA:52,0
DA:53,0
DA:54,0
DA:55,0
DA:56,0
DA:57,0
DA:58,0
DA:59,0
DA:60,0
DA:61,0
DA:62,0
DA:63,0
DA:64,0
DA:65,0
DA:66,0
DA:67,0
DA:68,0
DA:69,0
DA:70,0
DA:71,0
DA:72,0
DA:73,0
DA:74,0
DA:75,0
DA:76,0
DA:77,0
DA:78,0
DA:79,0
DA:80,0
DA:81,0
DA:82,0
DA:83,0
DA:84,0
DA:85,0
DA:86,0
DA:87,0
DA:88,0
DA:89,0
DA:90,0
DA:91,0
DA:92,0
DA:93,0
DA:94,0
DA:95,1
DA:96,1
DA:97,1
DA:98,0
DA:99,0
DA:100,0
DA:101,0
DA:102,0
DA:103,0
DA:104,1
DA:105,1
DA:106,1
DA:107,0
DA:108,0
DA:109,0
DA:110,0
DA:111,0
DA:112,0
DA:113,0
DA:114,0
DA:115,0
DA:116,0
DA:117,0
LF:117
LH:25
BRF:0
BRH:0
end_of_record
TN:
SF:store\slices\themeSlice.ts
FN:19,setTheme
FN:22,setActualTheme
FNF:2
FNH:0
FNDA:0,setTheme
FNDA:0,setActualTheme
DA:1,1
DA:2,1
DA:3,1
DA:4,1
DA:5,1
DA:6,1
DA:7,1
DA:8,1
DA:9,1
DA:10,1
DA:11,1
DA:12,1
DA:13,1
DA:14,1
DA:15,1
DA:16,1
DA:17,1
DA:18,1
DA:19,1
DA:20,0
DA:21,0
DA:22,1
DA:23,0
DA:24,0
DA:25,1
DA:26,1
DA:27,1
DA:28,1
DA:29,1
LF:29
LH:25
BRF:0
BRH:0
end_of_record
